<?xml version="1.0" encoding="UTF-8"?><testsuites>
<testsuite xmlns:xsi="http://www.w3.org/2001/XMLSchema-instance" xsi:noNamespaceSchemaLocation="https://maven.apache.org/surefire/maven-surefire-plugin/xsd/surefire-test-report.xsd" name="sk.stuba.fei.uim.vsa.pr2.StudentResourceTest" time="10.696" tests="10" errors="0" skipped="0" failures="2">
  <properties>
[...]
</properties>
  <testcase name="shouldGetNotFoundForNonExistingStudent" classname="sk.stuba.fei.uim.vsa.pr2.StudentResourceTest" time="1.663"/>
  <testcase name="shouldCreateStudent" classname="sk.stuba.fei.uim.vsa.pr2.StudentResourceTest" time="0.571"/>
  <testcase name="shouldReturnUnauthorized" classname="sk.stuba.fei.uim.vsa.pr2.StudentResourceTest" time="0.077">
    <failure type="org.opentest4j.AssertionFailedError:">org.opentest4j.AssertionFailedError: 
	at sk.stuba.fei.uim.vsa.pr2.StudentResourceTest.shouldReturnUnauthorized(StudentResourceTest.java:116)
Caused by: javax.ws.rs.ProcessingException: java.lang.IllegalArgumentException: invalid start or end
	at sk.stuba.fei.uim.vsa.pr2.StudentResourceTest.shouldReturnUnauthorized(StudentResourceTest.java:112)
Caused by: java.lang.RuntimeException: java.lang.IllegalArgumentException: invalid start or end
	at sk.stuba.fei.uim.vsa.pr2.StudentResourceTest.shouldReturnUnauthorized(StudentResourceTest.java:112)
Caused by: java.lang.IllegalArgumentException: invalid start or end
	at sk.stuba.fei.uim.vsa.pr2.StudentResourceTest.shouldReturnUnauthorized(StudentResourceTest.java:112)
</failure>
    <system-out><![CDATA[2023-05-18 11:18:16.067 ERROR --- [           main] s.s.fei.uim.vsa.pr2.StudentResourceTest  : java.lang.IllegalArgumentException: invalid start or end
javax.ws.rs.ProcessingException: java.lang.IllegalArgumentException: invalid start or end
	at org.glassfish.jersey.client.ClientRuntime.invoke(ClientRuntime.java:312)
	at org.glassfish.jersey.client.JerseyInvocation.lambda$invoke$0(JerseyInvocation.java:662)
	at org.glassfish.jersey.client.JerseyInvocation.call(JerseyInvocation.java:697)
	at org.glassfish.jersey.client.JerseyInvocation.lambda$runInScope$3(JerseyInvocation.java:691)
	at org.glassfish.jersey.internal.Errors.process(Errors.java:292)
	at org.glassfish.jersey.internal.Errors.process(Errors.java:274)
	at org.glassfish.jersey.internal.Errors.process(Errors.java:205)
	at org.glassfish.jersey.process.internal.RequestScope.runInScope(RequestScope.java:390)
	at org.glassfish.jersey.client.JerseyInvocation.runInScope(JerseyInvocation.java:691)
	at org.glassfish.jersey.client.JerseyInvocation.invoke(JerseyInvocation.java:661)
	at org.glassfish.jersey.client.JerseyInvocation$Builder.method(JerseyInvocation.java:413)
	at org.glassfish.jersey.client.JerseyInvocation$Builder.get(JerseyInvocation.java:313)
	at sk.stuba.fei.uim.vsa.pr2.StudentResourceTest.shouldReturnUnauthorized(StudentResourceTest.java:112)
	at sun.reflect.NativeMethodAccessorImpl.invoke0(Native Method)
	at sun.reflect.NativeMethodAccessorImpl.invoke(NativeMethodAccessorImpl.java:62)
	at sun.reflect.DelegatingMethodAccessorImpl.invoke(DelegatingMethodAccessorImpl.java:43)
	at java.lang.reflect.Method.invoke(Method.java:498)
	at org.junit.platform.commons.util.ReflectionUtils.invokeMethod(ReflectionUtils.java:725)
	at org.junit.jupiter.engine.execution.MethodInvocation.proceed(MethodInvocation.java:60)
	at org.junit.jupiter.engine.execution.InvocationInterceptorChain$ValidatingInvocation.proceed(InvocationInterceptorChain.java:131)
	at org.junit.jupiter.engine.extension.TimeoutExtension.intercept(TimeoutExtension.java:149)
	at org.junit.jupiter.engine.extension.TimeoutExtension.interceptTestableMethod(TimeoutExtension.java:140)
	at org.junit.jupiter.engine.extension.TimeoutExtension.interceptTestMethod(TimeoutExtension.java:84)
	at org.junit.jupiter.engine.execution.ExecutableInvoker$ReflectiveInterceptorCall.lambda$ofVoidMethod$0(ExecutableInvoker.java:115)
	at org.junit.jupiter.engine.execution.ExecutableInvoker.lambda$invoke$0(ExecutableInvoker.java:105)
	at org.junit.jupiter.engine.execution.InvocationInterceptorChain$InterceptedInvocation.proceed(InvocationInterceptorChain.java:106)
	at org.junit.jupiter.engine.execution.InvocationInterceptorChain.proceed(InvocationInterceptorChain.java:64)
	at org.junit.jupiter.engine.execution.InvocationInterceptorChain.chainAndInvoke(InvocationInterceptorChain.java:45)
	at org.junit.jupiter.engine.execution.InvocationInterceptorChain.invoke(InvocationInterceptorChain.java:37)
	at org.junit.jupiter.engine.execution.ExecutableInvoker.invoke(ExecutableInvoker.java:104)
	at org.junit.jupiter.engine.execution.ExecutableInvoker.invoke(ExecutableInvoker.java:98)
	at org.junit.jupiter.engine.descriptor.TestMethodTestDescriptor.lambda$invokeTestMethod$7(TestMethodTestDescriptor.java:214)
	at org.junit.platform.engine.support.hierarchical.ThrowableCollector.execute(ThrowableCollector.java:73)
	at org.junit.jupiter.engine.descriptor.TestMethodTestDescriptor.invokeTestMethod(TestMethodTestDescriptor.java:210)
	at org.junit.jupiter.engine.descriptor.TestMethodTestDescriptor.execute(TestMethodTestDescriptor.java:135)
	at org.junit.jupiter.engine.descriptor.TestMethodTestDescriptor.execute(TestMethodTestDescriptor.java:66)
	at org.junit.platform.engine.support.hierarchical.NodeTestTask.lambda$executeRecursively$6(NodeTestTask.java:151)
	at org.junit.platform.engine.support.hierarchical.ThrowableCollector.execute(ThrowableCollector.java:73)
	at org.junit.platform.engine.support.hierarchical.NodeTestTask.lambda$executeRecursively$8(NodeTestTask.java:141)
	at org.junit.platform.engine.support.hierarchical.Node.around(Node.java:137)
	at org.junit.platform.engine.support.hierarchical.NodeTestTask.lambda$executeRecursively$9(NodeTestTask.java:139)
	at org.junit.platform.engine.support.hierarchical.ThrowableCollector.execute(ThrowableCollector.java:73)
	at org.junit.platform.engine.support.hierarchical.NodeTestTask.executeRecursively(NodeTestTask.java:138)
	at org.junit.platform.engine.support.hierarchical.NodeTestTask.execute(NodeTestTask.java:95)
	at java.util.ArrayList.forEach(ArrayList.java:1259)
	at org.junit.platform.engine.support.hierarchical.SameThreadHierarchicalTestExecutorService.invokeAll(SameThreadHierarchicalTestExecutorService.java:41)
	at org.junit.platform.engine.support.hierarchical.NodeTestTask.lambda$executeRecursively$6(NodeTestTask.java:155)
	at org.junit.platform.engine.support.hierarchical.ThrowableCollector.execute(ThrowableCollector.java:73)
	at org.junit.platform.engine.support.hierarchical.NodeTestTask.lambda$executeRecursively$8(NodeTestTask.java:141)
	at org.junit.platform.engine.support.hierarchical.Node.around(Node.java:137)
	at org.junit.platform.engine.support.hierarchical.NodeTestTask.lambda$executeRecursively$9(NodeTestTask.java:139)
	at org.junit.platform.engine.support.hierarchical.ThrowableCollector.execute(ThrowableCollector.java:73)
	at org.junit.platform.engine.support.hierarchical.NodeTestTask.executeRecursively(NodeTestTask.java:138)
	at org.junit.platform.engine.support.hierarchical.NodeTestTask.execute(NodeTestTask.java:95)
	at java.util.ArrayList.forEach(ArrayList.java:1259)
	at org.junit.platform.engine.support.hierarchical.SameThreadHierarchicalTestExecutorService.invokeAll(SameThreadHierarchicalTestExecutorService.java:41)
	at org.junit.platform.engine.support.hierarchical.NodeTestTask.lambda$executeRecursively$6(NodeTestTask.java:155)
	at org.junit.platform.engine.support.hierarchical.ThrowableCollector.execute(ThrowableCollector.java:73)
	at org.junit.platform.engine.support.hierarchical.NodeTestTask.lambda$executeRecursively$8(NodeTestTask.java:141)
	at org.junit.platform.engine.support.hierarchical.Node.around(Node.java:137)
	at org.junit.platform.engine.support.hierarchical.NodeTestTask.lambda$executeRecursively$9(NodeTestTask.java:139)
	at org.junit.platform.engine.support.hierarchical.ThrowableCollector.execute(ThrowableCollector.java:73)
	at org.junit.platform.engine.support.hierarchical.NodeTestTask.executeRecursively(NodeTestTask.java:138)
	at org.junit.platform.engine.support.hierarchical.NodeTestTask.execute(NodeTestTask.java:95)
	at org.junit.platform.engine.support.hierarchical.SameThreadHierarchicalTestExecutorService.submit(SameThreadHierarchicalTestExecutorService.java:35)
	at org.junit.platform.engine.support.hierarchical.HierarchicalTestExecutor.execute(HierarchicalTestExecutor.java:57)
	at org.junit.platform.engine.support.hierarchical.HierarchicalTestEngine.execute(HierarchicalTestEngine.java:54)
	at org.junit.platform.launcher.core.DefaultLauncher.execute(DefaultLauncher.java:220)
	at org.junit.platform.launcher.core.DefaultLauncher.lambda$execute$6(DefaultLauncher.java:188)
	at org.junit.platform.launcher.core.DefaultLauncher.withInterceptedStreams(DefaultLauncher.java:202)
	at org.junit.platform.launcher.core.DefaultLauncher.execute(DefaultLauncher.java:181)
	at org.junit.platform.launcher.core.DefaultLauncher.execute(DefaultLauncher.java:128)
	at org.apache.maven.surefire.junitplatform.JUnitPlatformProvider.invokeAllTests(JUnitPlatformProvider.java:150)
	at org.apache.maven.surefire.junitplatform.JUnitPlatformProvider.invoke(JUnitPlatformProvider.java:124)
	at org.apache.maven.surefire.booter.ForkedBooter.invokeProviderInSameClassLoader(ForkedBooter.java:384)
	at org.apache.maven.surefire.booter.ForkedBooter.runSuitesInProcess(ForkedBooter.java:345)
	at org.apache.maven.surefire.booter.ForkedBooter.execute(ForkedBooter.java:126)
	at org.apache.maven.surefire.booter.ForkedBooter.main(ForkedBooter.java:418)
Caused by: java.lang.RuntimeException: java.lang.IllegalArgumentException: invalid start or end
	at sun.net.www.protocol.http.HttpURLConnection.getInputStream0(HttpURLConnection.java:1514)
	at sun.net.www.protocol.http.HttpURLConnection.getInputStream(HttpURLConnection.java:1500)
	at sun.net.www.protocol.http.HttpURLConnection.getHeaderField(HttpURLConnection.java:3099)
	at java.net.HttpURLConnection.getResponseCode(HttpURLConnection.java:489)
	at org.glassfish.jersey.client.internal.HttpUrlConnector._apply(HttpUrlConnector.java:409)
	at org.glassfish.jersey.client.internal.HttpUrlConnector.apply(HttpUrlConnector.java:273)
	at org.glassfish.jersey.client.ClientRuntime.invoke(ClientRuntime.java:300)
	... 77 common frames omitted
Caused by: java.lang.IllegalArgumentException: invalid start or end
	at sun.net.www.HeaderParser.subsequence(HeaderParser.java:75)
	at sun.net.www.protocol.http.AuthenticationHeader.parse(AuthenticationHeader.java:184)
	at sun.net.www.protocol.http.AuthenticationHeader.<init>(AuthenticationHeader.java:143)
	at sun.net.www.protocol.http.AuthenticationHeader.<init>(AuthenticationHeader.java:123)
	at sun.net.www.protocol.http.HttpURLConnection.getInputStream0(HttpURLConnection.java:1722)
	at sun.net.www.protocol.http.HttpURLConnection.getInputStream(HttpURLConnection.java:1500)
	at java.net.HttpURLConnection.getResponseCode(HttpURLConnection.java:480)
	... 80 common frames omitted
]]></system-out>
  </testcase>
  <testcase name="shouldReturnForbiddenToDeleteWithWrongStudent" classname="sk.stuba.fei.uim.vsa.pr2.StudentResourceTest" time="1.595"/>
  <testcase name="shouldGetAllStudents" classname="sk.stuba.fei.uim.vsa.pr2.StudentResourceTest" time="1.618"/>
  <testcase name="shouldCreateStudentWithOnlyRequiredProperties" classname="sk.stuba.fei.uim.vsa.pr2.StudentResourceTest" time="0.606"/>
  <testcase name="shouldGetEmptyList" classname="sk.stuba.fei.uim.vsa.pr2.StudentResourceTest" time="1.15"/>
  <testcase name="shouldCallWithoutBodyAndReturnError" classname="sk.stuba.fei.uim.vsa.pr2.StudentResourceTest" time="0.104"/>
  <testcase name="shouldDeleteStudent" classname="sk.stuba.fei.uim.vsa.pr2.StudentResourceTest" time="1.086">
    <failure message="expected: &lt;200&gt; but was: &lt;403&gt;" type="org.opentest4j.AssertionFailedError"><![CDATA[org.opentest4j.AssertionFailedError: expected: <200> but was: <403>
	at sk.stuba.fei.uim.vsa.pr2.StudentResourceTest.shouldDeleteStudent(StudentResourceTest.java:181)
]]></failure>
    <system-out><![CDATA[[EL Fine]: sql: 2023-05-18 11:18:21.717--ClientSession(1618525772)--Connection(447477005)--Thread(Thread[grizzly-http-server-14,5,main])--INSERT INTO STUDENT (AISID, EMAIL, NAME, PASSWORD, PROGRAM, ROCNIK, SEMESTER, ZAVERECNAPRACA_ID) VALUES (?, ?, ?, ?, ?, ?, ?, ?)
	bind => [70127, xstudent@stuba.sk, Test Student, $2a$13$/2zUUaTw2cH6m/20QG5/mOOhNybngUbw8hgSCgMsgMJ38ozMDcOXK, null, null, null, null]
[EL Fine]: sql: 2023-05-18 11:18:21.726--ClientSession(1177287393)--Connection(447477005)--Thread(Thread[grizzly-http-server-14,5,main])--UPDATE STUDENT SET PROGRAM = ?, ROCNIK = ?, SEMESTER = ? WHERE (AISID = ?)
	bind => [API, 8, 18, 70127]
[EL Fine]: sql: 2023-05-18 11:18:21.736--ServerSession(386311625)--Connection(447477005)--Thread(Thread[grizzly-http-server-15,5,main])--SELECT AISID, EMAIL, INSTITUT, MENO, ODDELENIE, PASSWORD FROM PEDAGOG WHERE (EMAIL = ?)
	bind => [xstudent@stuba.sk]
[EL Fine]: sql: 2023-05-18 11:18:21.737--ServerSession(386311625)--Connection(447477005)--Thread(Thread[grizzly-http-server-15,5,main])--SELECT AISID, EMAIL, NAME, PASSWORD, PROGRAM, ROCNIK, SEMESTER, ZAVERECNAPRACA_ID FROM STUDENT WHERE (EMAIL = ?)
	bind => [xstudent@stuba.sk]
]]></system-out>
  </testcase>
  <testcase name="shouldGetStudent" classname="sk.stuba.fei.uim.vsa.pr2.StudentResourceTest" time="1.112"/>
</testsuite>
<testsuite xmlns:xsi="http://www.w3.org/2001/XMLSchema-instance" xsi:noNamespaceSchemaLocation="https://maven.apache.org/surefire/maven-surefire-plugin/xsd/surefire-test-report.xsd" name="sk.stuba.fei.uim.vsa.pr2.ThesisResourceTest" time="36.232" tests="21" errors="0" skipped="0" failures="15">
  <properties>
[...]
</properties>
  <testcase name="shouldCallCreateThesisWithLoggedStudent" classname="sk.stuba.fei.uim.vsa.pr2.ThesisResourceTest" time="1.205"/>
  <testcase name="shouldGetNotFoundForNonExistingThesis" classname="sk.stuba.fei.uim.vsa.pr2.ThesisResourceTest" time="1.629"/>
  <testcase name="shouldFindThesisByStudent" classname="sk.stuba.fei.uim.vsa.pr2.ThesisResourceTest" time="2.692">
    <failure type="org.opentest4j.AssertionFailedError:">org.opentest4j.AssertionFailedError: 
	at sk.stuba.fei.uim.vsa.pr2.ThesisResourceTest.shouldFindThesisByStudent(ThesisResourceTest.java:571)
Caused by: java.lang.ClassCastException: sk.stuba.fei.uim.vsa.pr2.model.dto.response.ThesisResponse cannot be cast to java.util.List
	at sk.stuba.fei.uim.vsa.pr2.ThesisResourceTest.shouldFindThesisByStudent(ThesisResourceTest.java:546)
</failure>
    <system-out><![CDATA[[EL Fine]: sql: 2023-05-18 11:18:26.922--ClientSession(256716818)--Connection(447477005)--Thread(Thread[grizzly-http-server-6,5,main])--INSERT INTO PEDAGOG (AISID, EMAIL, INSTITUT, MENO, ODDELENIE, PASSWORD) VALUES (?, ?, ?, ?, ?, ?)
	bind => [45678, ucitel.test@stuba.sk, null, Testovaci ucitel, SI, $2a$13$ND/hR2CJfy53SISl0CoPwuYbJmLzbr2AqQ14myHkpMo7H1yIHtjmS]
[EL Fine]: sql: 2023-05-18 11:18:26.937--ServerSession(386311625)--Connection(447477005)--Thread(Thread[grizzly-http-server-7,5,main])--SELECT AISID, EMAIL, INSTITUT, MENO, ODDELENIE, PASSWORD FROM PEDAGOG WHERE (EMAIL = ?)
	bind => [ucitel.test@stuba.sk]
[EL Fine]: sql: 2023-05-18 11:18:27.438--ClientSession(391079486)--Connection(447477005)--Thread(Thread[grizzly-http-server-7,5,main])--INSERT INTO ZAVERECNA_PRACA (ID, DATUMZVEREJNENIA, DEADLINE, NAZOV, POPIS, PRACOVISKO, REGISTRACNECISLO, STATUS, TYP, VEDUCIPRACE_AISID, VYPRACOVATEL_AISID) VALUES (?, ?, ?, ?, ?, ?, ?, ?, ?, ?, ?)
	bind => [2, 2023-05-18 11:18:27.437, 2023-08-18 11:18:27.437, Excellent Simple Bachelor Thesis, Some description of the thesis, SI, FEI-2, VOĽNÁ, BACHELOR, 45678, null]
[EL Fine]: sql: 2023-05-18 11:18:27.938--ClientSession(439799820)--Connection(447477005)--Thread(Thread[grizzly-http-server-8,5,main])--INSERT INTO STUDENT (AISID, EMAIL, NAME, PASSWORD, PROGRAM, ROCNIK, SEMESTER, ZAVERECNAPRACA_ID) VALUES (?, ?, ?, ?, ?, ?, ?, ?)
	bind => [70127, xstudent@stuba.sk, Test Student, $2a$13$gz2BstSMR4iJXeuDj5Ra9.8WZb/20SvKn0QD/orTkltFETaEkcEWS, null, null, null, null]
[EL Fine]: sql: 2023-05-18 11:18:27.947--ClientSession(1563799714)--Connection(447477005)--Thread(Thread[grizzly-http-server-8,5,main])--UPDATE STUDENT SET PROGRAM = ?, ROCNIK = ?, SEMESTER = ? WHERE (AISID = ?)
	bind => [API, 8, 18, 70127]
[EL Fine]: sql: 2023-05-18 11:18:27.958--ServerSession(386311625)--Connection(447477005)--Thread(Thread[grizzly-http-server-9,5,main])--SELECT AISID, EMAIL, INSTITUT, MENO, ODDELENIE, PASSWORD FROM PEDAGOG WHERE (EMAIL = ?)
	bind => [xstudent@stuba.sk]
[EL Fine]: sql: 2023-05-18 11:18:27.959--ServerSession(386311625)--Connection(447477005)--Thread(Thread[grizzly-http-server-9,5,main])--SELECT AISID, EMAIL, NAME, PASSWORD, PROGRAM, ROCNIK, SEMESTER, ZAVERECNAPRACA_ID FROM STUDENT WHERE (EMAIL = ?)
	bind => [xstudent@stuba.sk]
[EL Fine]: sql: 2023-05-18 11:18:28.46--ClientSession(241268442)--Connection(447477005)--Thread(Thread[grizzly-http-server-9,5,main])--UPDATE ZAVERECNA_PRACA SET STATUS = ?, VYPRACOVATEL_AISID = ? WHERE (ID = ?)
	bind => [ZABRANÁ, 70127, 2]
[EL Fine]: sql: 2023-05-18 11:18:28.461--ClientSession(241268442)--Connection(447477005)--Thread(Thread[grizzly-http-server-9,5,main])--UPDATE STUDENT SET ZAVERECNAPRACA_ID = ? WHERE (AISID = ?)
	bind => [2, 70127]
[EL Fine]: sql: 2023-05-18 11:18:28.492--ServerSession(386311625)--Connection(447477005)--Thread(Thread[grizzly-http-server-10,5,main])--SELECT AISID, EMAIL, INSTITUT, MENO, ODDELENIE, PASSWORD FROM PEDAGOG WHERE (EMAIL = ?)
	bind => [ucitel.test@stuba.sk]
[EL Fine]: sql: 2023-05-18 11:18:28.977--ServerSession(386311625)--Connection(447477005)--Thread(Thread[grizzly-http-server-10,5,main])--SELECT ID, DATUMZVEREJNENIA, DEADLINE, NAZOV, POPIS, PRACOVISKO, REGISTRACNECISLO, STATUS, TYP, VEDUCIPRACE_AISID, VYPRACOVATEL_AISID FROM ZAVERECNA_PRACA WHERE (VYPRACOVATEL_AISID = ?)
	bind => [70127]
2023-05-18 11:18:28.991 ERROR --- [           main] s.s.fei.uim.vsa.pr2.ThesisResourceTest   : sk.stuba.fei.uim.vsa.pr2.model.dto.response.ThesisResponse cannot be cast to java.util.List
java.lang.ClassCastException: sk.stuba.fei.uim.vsa.pr2.model.dto.response.ThesisResponse cannot be cast to java.util.List
	at sk.stuba.fei.uim.vsa.pr2.ThesisResourceTest.shouldFindThesisByStudent(ThesisResourceTest.java:546)
	at sun.reflect.NativeMethodAccessorImpl.invoke0(Native Method)
	at sun.reflect.NativeMethodAccessorImpl.invoke(NativeMethodAccessorImpl.java:62)
	at sun.reflect.DelegatingMethodAccessorImpl.invoke(DelegatingMethodAccessorImpl.java:43)
	at java.lang.reflect.Method.invoke(Method.java:498)
	at org.junit.platform.commons.util.ReflectionUtils.invokeMethod(ReflectionUtils.java:725)
	at org.junit.jupiter.engine.execution.MethodInvocation.proceed(MethodInvocation.java:60)
	at org.junit.jupiter.engine.execution.InvocationInterceptorChain$ValidatingInvocation.proceed(InvocationInterceptorChain.java:131)
	at org.junit.jupiter.engine.extension.TimeoutExtension.intercept(TimeoutExtension.java:149)
	at org.junit.jupiter.engine.extension.TimeoutExtension.interceptTestableMethod(TimeoutExtension.java:140)
	at org.junit.jupiter.engine.extension.TimeoutExtension.interceptTestMethod(TimeoutExtension.java:84)
	at org.junit.jupiter.engine.execution.ExecutableInvoker$ReflectiveInterceptorCall.lambda$ofVoidMethod$0(ExecutableInvoker.java:115)
	at org.junit.jupiter.engine.execution.ExecutableInvoker.lambda$invoke$0(ExecutableInvoker.java:105)
	at org.junit.jupiter.engine.execution.InvocationInterceptorChain$InterceptedInvocation.proceed(InvocationInterceptorChain.java:106)
	at org.junit.jupiter.engine.execution.InvocationInterceptorChain.proceed(InvocationInterceptorChain.java:64)
	at org.junit.jupiter.engine.execution.InvocationInterceptorChain.chainAndInvoke(InvocationInterceptorChain.java:45)
	at org.junit.jupiter.engine.execution.InvocationInterceptorChain.invoke(InvocationInterceptorChain.java:37)
	at org.junit.jupiter.engine.execution.ExecutableInvoker.invoke(ExecutableInvoker.java:104)
	at org.junit.jupiter.engine.execution.ExecutableInvoker.invoke(ExecutableInvoker.java:98)
	at org.junit.jupiter.engine.descriptor.TestMethodTestDescriptor.lambda$invokeTestMethod$7(TestMethodTestDescriptor.java:214)
	at org.junit.platform.engine.support.hierarchical.ThrowableCollector.execute(ThrowableCollector.java:73)
	at org.junit.jupiter.engine.descriptor.TestMethodTestDescriptor.invokeTestMethod(TestMethodTestDescriptor.java:210)
	at org.junit.jupiter.engine.descriptor.TestMethodTestDescriptor.execute(TestMethodTestDescriptor.java:135)
	at org.junit.jupiter.engine.descriptor.TestMethodTestDescriptor.execute(TestMethodTestDescriptor.java:66)
	at org.junit.platform.engine.support.hierarchical.NodeTestTask.lambda$executeRecursively$6(NodeTestTask.java:151)
	at org.junit.platform.engine.support.hierarchical.ThrowableCollector.execute(ThrowableCollector.java:73)
	at org.junit.platform.engine.support.hierarchical.NodeTestTask.lambda$executeRecursively$8(NodeTestTask.java:141)
	at org.junit.platform.engine.support.hierarchical.Node.around(Node.java:137)
	at org.junit.platform.engine.support.hierarchical.NodeTestTask.lambda$executeRecursively$9(NodeTestTask.java:139)
	at org.junit.platform.engine.support.hierarchical.ThrowableCollector.execute(ThrowableCollector.java:73)
	at org.junit.platform.engine.support.hierarchical.NodeTestTask.executeRecursively(NodeTestTask.java:138)
	at org.junit.platform.engine.support.hierarchical.NodeTestTask.execute(NodeTestTask.java:95)
	at java.util.ArrayList.forEach(ArrayList.java:1259)
	at org.junit.platform.engine.support.hierarchical.SameThreadHierarchicalTestExecutorService.invokeAll(SameThreadHierarchicalTestExecutorService.java:41)
	at org.junit.platform.engine.support.hierarchical.NodeTestTask.lambda$executeRecursively$6(NodeTestTask.java:155)
	at org.junit.platform.engine.support.hierarchical.ThrowableCollector.execute(ThrowableCollector.java:73)
	at org.junit.platform.engine.support.hierarchical.NodeTestTask.lambda$executeRecursively$8(NodeTestTask.java:141)
	at org.junit.platform.engine.support.hierarchical.Node.around(Node.java:137)
	at org.junit.platform.engine.support.hierarchical.NodeTestTask.lambda$executeRecursively$9(NodeTestTask.java:139)
	at org.junit.platform.engine.support.hierarchical.ThrowableCollector.execute(ThrowableCollector.java:73)
	at org.junit.platform.engine.support.hierarchical.NodeTestTask.executeRecursively(NodeTestTask.java:138)
	at org.junit.platform.engine.support.hierarchical.NodeTestTask.execute(NodeTestTask.java:95)
	at java.util.ArrayList.forEach(ArrayList.java:1259)
	at org.junit.platform.engine.support.hierarchical.SameThreadHierarchicalTestExecutorService.invokeAll(SameThreadHierarchicalTestExecutorService.java:41)
	at org.junit.platform.engine.support.hierarchical.NodeTestTask.lambda$executeRecursively$6(NodeTestTask.java:155)
	at org.junit.platform.engine.support.hierarchical.ThrowableCollector.execute(ThrowableCollector.java:73)
	at org.junit.platform.engine.support.hierarchical.NodeTestTask.lambda$executeRecursively$8(NodeTestTask.java:141)
	at org.junit.platform.engine.support.hierarchical.Node.around(Node.java:137)
	at org.junit.platform.engine.support.hierarchical.NodeTestTask.lambda$executeRecursively$9(NodeTestTask.java:139)
	at org.junit.platform.engine.support.hierarchical.ThrowableCollector.execute(ThrowableCollector.java:73)
	at org.junit.platform.engine.support.hierarchical.NodeTestTask.executeRecursively(NodeTestTask.java:138)
	at org.junit.platform.engine.support.hierarchical.NodeTestTask.execute(NodeTestTask.java:95)
	at org.junit.platform.engine.support.hierarchical.SameThreadHierarchicalTestExecutorService.submit(SameThreadHierarchicalTestExecutorService.java:35)
	at org.junit.platform.engine.support.hierarchical.HierarchicalTestExecutor.execute(HierarchicalTestExecutor.java:57)
	at org.junit.platform.engine.support.hierarchical.HierarchicalTestEngine.execute(HierarchicalTestEngine.java:54)
	at org.junit.platform.launcher.core.DefaultLauncher.execute(DefaultLauncher.java:220)
	at org.junit.platform.launcher.core.DefaultLauncher.lambda$execute$6(DefaultLauncher.java:188)
	at org.junit.platform.launcher.core.DefaultLauncher.withInterceptedStreams(DefaultLauncher.java:202)
	at org.junit.platform.launcher.core.DefaultLauncher.execute(DefaultLauncher.java:181)
	at org.junit.platform.launcher.core.DefaultLauncher.execute(DefaultLauncher.java:128)
	at org.apache.maven.surefire.junitplatform.JUnitPlatformProvider.invokeAllTests(JUnitPlatformProvider.java:150)
	at org.apache.maven.surefire.junitplatform.JUnitPlatformProvider.invoke(JUnitPlatformProvider.java:124)
	at org.apache.maven.surefire.booter.ForkedBooter.invokeProviderInSameClassLoader(ForkedBooter.java:384)
	at org.apache.maven.surefire.booter.ForkedBooter.runSuitesInProcess(ForkedBooter.java:345)
	at org.apache.maven.surefire.booter.ForkedBooter.execute(ForkedBooter.java:126)
	at org.apache.maven.surefire.booter.ForkedBooter.main(ForkedBooter.java:418)
]]></system-out>
  </testcase>
  <testcase name="shouldCreateThesis" classname="sk.stuba.fei.uim.vsa.pr2.ThesisResourceTest" time="1.091">
    <failure message="expected: &lt;FEI-a8f87a61c70a4739b6943ac0b8e8032c&gt; but was: &lt;FEI-3&gt;" type="org.opentest4j.AssertionFailedError"><![CDATA[org.opentest4j.AssertionFailedError: expected: <FEI-a8f87a61c70a4739b6943ac0b8e8032c> but was: <FEI-3>
	at sk.stuba.fei.uim.vsa.pr2.ThesisResourceTest.shouldCreateThesis(ThesisResourceTest.java:41)
]]></failure>
    <system-out><![CDATA[[EL Fine]: sql: 2023-05-18 11:18:29.575--ClientSession(731043534)--Connection(447477005)--Thread(Thread[grizzly-http-server-11,5,main])--INSERT INTO PEDAGOG (AISID, EMAIL, INSTITUT, MENO, ODDELENIE, PASSWORD) VALUES (?, ?, ?, ?, ?, ?)
	bind => [45678, ucitel.test@stuba.sk, null, Testovaci ucitel, SI, $2a$13$mVD9YT62zlvqzYNLBn/2OOCxz2wHCwzZ62urHNh10GypqI2OnJOLW]
[EL Fine]: sql: 2023-05-18 11:18:29.591--ServerSession(386311625)--Connection(447477005)--Thread(Thread[grizzly-http-server-12,5,main])--SELECT AISID, EMAIL, INSTITUT, MENO, ODDELENIE, PASSWORD FROM PEDAGOG WHERE (EMAIL = ?)
	bind => [ucitel.test@stuba.sk]
[EL Fine]: sql: 2023-05-18 11:18:30.073--ClientSession(1881945024)--Connection(447477005)--Thread(Thread[grizzly-http-server-12,5,main])--INSERT INTO ZAVERECNA_PRACA (ID, DATUMZVEREJNENIA, DEADLINE, NAZOV, POPIS, PRACOVISKO, REGISTRACNECISLO, STATUS, TYP, VEDUCIPRACE_AISID, VYPRACOVATEL_AISID) VALUES (?, ?, ?, ?, ?, ?, ?, ?, ?, ?, ?)
	bind => [3, 2023-05-18 11:18:30.072, 2023-08-18 11:18:30.072, Excellent Simple Bachelor Thesis, Some description of the thesis, SI, FEI-3, VOĽNÁ, BACHELOR, 45678, null]
2023-05-18 11:18:30.081  INFO --- [           main] s.s.fei.uim.vsa.pr2.ThesisResourceTest   : Received response InboundJaxrsResponse{context=ClientResponse{method=POST, uri=http://docker-desktop:8080/api/theses, status=201, reason=Created}}
]]></system-out>
  </testcase>
  <testcase name="shouldReturnUnauthorized" classname="sk.stuba.fei.uim.vsa.pr2.ThesisResourceTest" time="0.084">
    <failure type="org.opentest4j.AssertionFailedError:">org.opentest4j.AssertionFailedError: 
	at sk.stuba.fei.uim.vsa.pr2.ThesisResourceTest.shouldReturnUnauthorized(ThesisResourceTest.java:169)
Caused by: javax.ws.rs.ProcessingException: java.lang.IllegalArgumentException: invalid start or end
	at sk.stuba.fei.uim.vsa.pr2.ThesisResourceTest.shouldReturnUnauthorized(ThesisResourceTest.java:165)
Caused by: java.lang.RuntimeException: java.lang.IllegalArgumentException: invalid start or end
	at sk.stuba.fei.uim.vsa.pr2.ThesisResourceTest.shouldReturnUnauthorized(ThesisResourceTest.java:165)
Caused by: java.lang.IllegalArgumentException: invalid start or end
	at sk.stuba.fei.uim.vsa.pr2.ThesisResourceTest.shouldReturnUnauthorized(ThesisResourceTest.java:165)
</failure>
    <system-out><![CDATA[2023-05-18 11:18:30.166 ERROR --- [           main] s.s.fei.uim.vsa.pr2.ThesisResourceTest   : java.lang.IllegalArgumentException: invalid start or end
javax.ws.rs.ProcessingException: java.lang.IllegalArgumentException: invalid start or end
	at org.glassfish.jersey.client.ClientRuntime.invoke(ClientRuntime.java:312)
	at org.glassfish.jersey.client.JerseyInvocation.lambda$invoke$0(JerseyInvocation.java:662)
	at org.glassfish.jersey.client.JerseyInvocation.call(JerseyInvocation.java:697)
	at org.glassfish.jersey.client.JerseyInvocation.lambda$runInScope$3(JerseyInvocation.java:691)
	at org.glassfish.jersey.internal.Errors.process(Errors.java:292)
	at org.glassfish.jersey.internal.Errors.process(Errors.java:274)
	at org.glassfish.jersey.internal.Errors.process(Errors.java:205)
	at org.glassfish.jersey.process.internal.RequestScope.runInScope(RequestScope.java:390)
	at org.glassfish.jersey.client.JerseyInvocation.runInScope(JerseyInvocation.java:691)
	at org.glassfish.jersey.client.JerseyInvocation.invoke(JerseyInvocation.java:661)
	at org.glassfish.jersey.client.JerseyInvocation$Builder.method(JerseyInvocation.java:413)
	at org.glassfish.jersey.client.JerseyInvocation$Builder.get(JerseyInvocation.java:313)
	at sk.stuba.fei.uim.vsa.pr2.ThesisResourceTest.shouldReturnUnauthorized(ThesisResourceTest.java:165)
	at sun.reflect.NativeMethodAccessorImpl.invoke0(Native Method)
	at sun.reflect.NativeMethodAccessorImpl.invoke(NativeMethodAccessorImpl.java:62)
	at sun.reflect.DelegatingMethodAccessorImpl.invoke(DelegatingMethodAccessorImpl.java:43)
	at java.lang.reflect.Method.invoke(Method.java:498)
	at org.junit.platform.commons.util.ReflectionUtils.invokeMethod(ReflectionUtils.java:725)
	at org.junit.jupiter.engine.execution.MethodInvocation.proceed(MethodInvocation.java:60)
	at org.junit.jupiter.engine.execution.InvocationInterceptorChain$ValidatingInvocation.proceed(InvocationInterceptorChain.java:131)
	at org.junit.jupiter.engine.extension.TimeoutExtension.intercept(TimeoutExtension.java:149)
	at org.junit.jupiter.engine.extension.TimeoutExtension.interceptTestableMethod(TimeoutExtension.java:140)
	at org.junit.jupiter.engine.extension.TimeoutExtension.interceptTestMethod(TimeoutExtension.java:84)
	at org.junit.jupiter.engine.execution.ExecutableInvoker$ReflectiveInterceptorCall.lambda$ofVoidMethod$0(ExecutableInvoker.java:115)
	at org.junit.jupiter.engine.execution.ExecutableInvoker.lambda$invoke$0(ExecutableInvoker.java:105)
	at org.junit.jupiter.engine.execution.InvocationInterceptorChain$InterceptedInvocation.proceed(InvocationInterceptorChain.java:106)
	at org.junit.jupiter.engine.execution.InvocationInterceptorChain.proceed(InvocationInterceptorChain.java:64)
	at org.junit.jupiter.engine.execution.InvocationInterceptorChain.chainAndInvoke(InvocationInterceptorChain.java:45)
	at org.junit.jupiter.engine.execution.InvocationInterceptorChain.invoke(InvocationInterceptorChain.java:37)
	at org.junit.jupiter.engine.execution.ExecutableInvoker.invoke(ExecutableInvoker.java:104)
	at org.junit.jupiter.engine.execution.ExecutableInvoker.invoke(ExecutableInvoker.java:98)
	at org.junit.jupiter.engine.descriptor.TestMethodTestDescriptor.lambda$invokeTestMethod$7(TestMethodTestDescriptor.java:214)
	at org.junit.platform.engine.support.hierarchical.ThrowableCollector.execute(ThrowableCollector.java:73)
	at org.junit.jupiter.engine.descriptor.TestMethodTestDescriptor.invokeTestMethod(TestMethodTestDescriptor.java:210)
	at org.junit.jupiter.engine.descriptor.TestMethodTestDescriptor.execute(TestMethodTestDescriptor.java:135)
	at org.junit.jupiter.engine.descriptor.TestMethodTestDescriptor.execute(TestMethodTestDescriptor.java:66)
	at org.junit.platform.engine.support.hierarchical.NodeTestTask.lambda$executeRecursively$6(NodeTestTask.java:151)
	at org.junit.platform.engine.support.hierarchical.ThrowableCollector.execute(ThrowableCollector.java:73)
	at org.junit.platform.engine.support.hierarchical.NodeTestTask.lambda$executeRecursively$8(NodeTestTask.java:141)
	at org.junit.platform.engine.support.hierarchical.Node.around(Node.java:137)
	at org.junit.platform.engine.support.hierarchical.NodeTestTask.lambda$executeRecursively$9(NodeTestTask.java:139)
	at org.junit.platform.engine.support.hierarchical.ThrowableCollector.execute(ThrowableCollector.java:73)
	at org.junit.platform.engine.support.hierarchical.NodeTestTask.executeRecursively(NodeTestTask.java:138)
	at org.junit.platform.engine.support.hierarchical.NodeTestTask.execute(NodeTestTask.java:95)
	at java.util.ArrayList.forEach(ArrayList.java:1259)
	at org.junit.platform.engine.support.hierarchical.SameThreadHierarchicalTestExecutorService.invokeAll(SameThreadHierarchicalTestExecutorService.java:41)
	at org.junit.platform.engine.support.hierarchical.NodeTestTask.lambda$executeRecursively$6(NodeTestTask.java:155)
	at org.junit.platform.engine.support.hierarchical.ThrowableCollector.execute(ThrowableCollector.java:73)
	at org.junit.platform.engine.support.hierarchical.NodeTestTask.lambda$executeRecursively$8(NodeTestTask.java:141)
	at org.junit.platform.engine.support.hierarchical.Node.around(Node.java:137)
	at org.junit.platform.engine.support.hierarchical.NodeTestTask.lambda$executeRecursively$9(NodeTestTask.java:139)
	at org.junit.platform.engine.support.hierarchical.ThrowableCollector.execute(ThrowableCollector.java:73)
	at org.junit.platform.engine.support.hierarchical.NodeTestTask.executeRecursively(NodeTestTask.java:138)
	at org.junit.platform.engine.support.hierarchical.NodeTestTask.execute(NodeTestTask.java:95)
	at java.util.ArrayList.forEach(ArrayList.java:1259)
	at org.junit.platform.engine.support.hierarchical.SameThreadHierarchicalTestExecutorService.invokeAll(SameThreadHierarchicalTestExecutorService.java:41)
	at org.junit.platform.engine.support.hierarchical.NodeTestTask.lambda$executeRecursively$6(NodeTestTask.java:155)
	at org.junit.platform.engine.support.hierarchical.ThrowableCollector.execute(ThrowableCollector.java:73)
	at org.junit.platform.engine.support.hierarchical.NodeTestTask.lambda$executeRecursively$8(NodeTestTask.java:141)
	at org.junit.platform.engine.support.hierarchical.Node.around(Node.java:137)
	at org.junit.platform.engine.support.hierarchical.NodeTestTask.lambda$executeRecursively$9(NodeTestTask.java:139)
	at org.junit.platform.engine.support.hierarchical.ThrowableCollector.execute(ThrowableCollector.java:73)
	at org.junit.platform.engine.support.hierarchical.NodeTestTask.executeRecursively(NodeTestTask.java:138)
	at org.junit.platform.engine.support.hierarchical.NodeTestTask.execute(NodeTestTask.java:95)
	at org.junit.platform.engine.support.hierarchical.SameThreadHierarchicalTestExecutorService.submit(SameThreadHierarchicalTestExecutorService.java:35)
	at org.junit.platform.engine.support.hierarchical.HierarchicalTestExecutor.execute(HierarchicalTestExecutor.java:57)
	at org.junit.platform.engine.support.hierarchical.HierarchicalTestEngine.execute(HierarchicalTestEngine.java:54)
	at org.junit.platform.launcher.core.DefaultLauncher.execute(DefaultLauncher.java:220)
	at org.junit.platform.launcher.core.DefaultLauncher.lambda$execute$6(DefaultLauncher.java:188)
	at org.junit.platform.launcher.core.DefaultLauncher.withInterceptedStreams(DefaultLauncher.java:202)
	at org.junit.platform.launcher.core.DefaultLauncher.execute(DefaultLauncher.java:181)
	at org.junit.platform.launcher.core.DefaultLauncher.execute(DefaultLauncher.java:128)
	at org.apache.maven.surefire.junitplatform.JUnitPlatformProvider.invokeAllTests(JUnitPlatformProvider.java:150)
	at org.apache.maven.surefire.junitplatform.JUnitPlatformProvider.invoke(JUnitPlatformProvider.java:124)
	at org.apache.maven.surefire.booter.ForkedBooter.invokeProviderInSameClassLoader(ForkedBooter.java:384)
	at org.apache.maven.surefire.booter.ForkedBooter.runSuitesInProcess(ForkedBooter.java:345)
	at org.apache.maven.surefire.booter.ForkedBooter.execute(ForkedBooter.java:126)
	at org.apache.maven.surefire.booter.ForkedBooter.main(ForkedBooter.java:418)
Caused by: java.lang.RuntimeException: java.lang.IllegalArgumentException: invalid start or end
	at sun.net.www.protocol.http.HttpURLConnection.getInputStream0(HttpURLConnection.java:1514)
	at sun.net.www.protocol.http.HttpURLConnection.getInputStream(HttpURLConnection.java:1500)
	at sun.net.www.protocol.http.HttpURLConnection.getHeaderField(HttpURLConnection.java:3099)
	at java.net.HttpURLConnection.getResponseCode(HttpURLConnection.java:489)
	at org.glassfish.jersey.client.internal.HttpUrlConnector._apply(HttpUrlConnector.java:409)
	at org.glassfish.jersey.client.internal.HttpUrlConnector.apply(HttpUrlConnector.java:273)
	at org.glassfish.jersey.client.ClientRuntime.invoke(ClientRuntime.java:300)
	... 77 common frames omitted
Caused by: java.lang.IllegalArgumentException: invalid start or end
	at sun.net.www.HeaderParser.subsequence(HeaderParser.java:75)
	at sun.net.www.protocol.http.AuthenticationHeader.parse(AuthenticationHeader.java:184)
	at sun.net.www.protocol.http.AuthenticationHeader.<init>(AuthenticationHeader.java:143)
	at sun.net.www.protocol.http.AuthenticationHeader.<init>(AuthenticationHeader.java:123)
	at sun.net.www.protocol.http.HttpURLConnection.getInputStream0(HttpURLConnection.java:1722)
	at sun.net.www.protocol.http.HttpURLConnection.getInputStream(HttpURLConnection.java:1500)
	at java.net.HttpURLConnection.getResponseCode(HttpURLConnection.java:480)
	... 80 common frames omitted
]]></system-out>
  </testcase>
  <testcase name="shouldFindThesisByTeacher" classname="sk.stuba.fei.uim.vsa.pr2.ThesisResourceTest" time="1.634">
    <failure message="expected: &lt;FEI-a8f87a61c70a4739b6943ac0b8e8032c&gt; but was: &lt;FEI-4&gt;" type="org.opentest4j.AssertionFailedError"><![CDATA[org.opentest4j.AssertionFailedError: expected: <FEI-a8f87a61c70a4739b6943ac0b8e8032c> but was: <FEI-4>
	at sk.stuba.fei.uim.vsa.pr2.ThesisResourceTest.shouldFindThesisByTeacher(ThesisResourceTest.java:504)
]]></failure>
    <system-out><![CDATA[[EL Fine]: sql: 2023-05-18 11:18:30.758--ClientSession(2064786448)--Connection(447477005)--Thread(Thread[grizzly-http-server-15,5,main])--INSERT INTO PEDAGOG (AISID, EMAIL, INSTITUT, MENO, ODDELENIE, PASSWORD) VALUES (?, ?, ?, ?, ?, ?)
	bind => [45678, ucitel.test@stuba.sk, null, Testovaci ucitel, SI, $2a$13$1Fqzj3xSf6..6MvxvhNKqOd009LTxLzr0VKGk263krpzauUO/8C46]
[EL Fine]: sql: 2023-05-18 11:18:30.774--ServerSession(386311625)--Connection(447477005)--Thread(Thread[grizzly-http-server-16,5,main])--SELECT AISID, EMAIL, INSTITUT, MENO, ODDELENIE, PASSWORD FROM PEDAGOG WHERE (EMAIL = ?)
	bind => [ucitel.test@stuba.sk]
[EL Fine]: sql: 2023-05-18 11:18:31.266--ClientSession(1358981602)--Connection(447477005)--Thread(Thread[grizzly-http-server-16,5,main])--INSERT INTO ZAVERECNA_PRACA (ID, DATUMZVEREJNENIA, DEADLINE, NAZOV, POPIS, PRACOVISKO, REGISTRACNECISLO, STATUS, TYP, VEDUCIPRACE_AISID, VYPRACOVATEL_AISID) VALUES (?, ?, ?, ?, ?, ?, ?, ?, ?, ?, ?)
	bind => [4, 2023-05-18 11:18:31.265, 2023-08-18 11:18:31.265, Excellent Simple Bachelor Thesis, Some description of the thesis, SI, FEI-4, VOĽNÁ, BACHELOR, 45678, null]
[EL Fine]: sql: 2023-05-18 11:18:31.286--ServerSession(386311625)--Connection(447477005)--Thread(Thread[grizzly-http-server-17,5,main])--SELECT AISID, EMAIL, INSTITUT, MENO, ODDELENIE, PASSWORD FROM PEDAGOG WHERE (EMAIL = ?)
	bind => [ucitel.test@stuba.sk]
[EL Fine]: sql: 2023-05-18 11:18:31.794--ServerSession(386311625)--Connection(447477005)--Thread(Thread[grizzly-http-server-17,5,main])--SELECT ID, DATUMZVEREJNENIA, DEADLINE, NAZOV, POPIS, PRACOVISKO, REGISTRACNECISLO, STATUS, TYP, VEDUCIPRACE_AISID, VYPRACOVATEL_AISID FROM ZAVERECNA_PRACA WHERE (VEDUCIPRACE_AISID = ?)
	bind => [45678]
]]></system-out>
  </testcase>
  <testcase name="shouldAssignThesisWithStudent" classname="sk.stuba.fei.uim.vsa.pr2.ThesisResourceTest" time="2.711">
    <failure message="expected: &lt;FEI-a8f87a61c70a4739b6943ac0b8e8032c&gt; but was: &lt;FEI-5&gt;" type="org.opentest4j.AssertionFailedError"><![CDATA[org.opentest4j.AssertionFailedError: expected: <FEI-a8f87a61c70a4739b6943ac0b8e8032c> but was: <FEI-5>
	at sk.stuba.fei.uim.vsa.pr2.ThesisResourceTest.shouldAssignThesisWithStudent(ThesisResourceTest.java:338)
]]></failure>
    <system-out><![CDATA[[EL Fine]: sql: 2023-05-18 11:18:32.375--ClientSession(784495115)--Connection(447477005)--Thread(Thread[grizzly-http-server-18,5,main])--INSERT INTO PEDAGOG (AISID, EMAIL, INSTITUT, MENO, ODDELENIE, PASSWORD) VALUES (?, ?, ?, ?, ?, ?)
	bind => [45678, ucitel.test@stuba.sk, null, Testovaci ucitel, SI, $2a$13$8WNfwakS8aE.oQSOPIr2TuV7kV6bhzhPcquBo1z7DaUfyRzyQ21M2]
[EL Fine]: sql: 2023-05-18 11:18:32.393--ServerSession(386311625)--Connection(447477005)--Thread(Thread[grizzly-http-server-19,5,main])--SELECT AISID, EMAIL, INSTITUT, MENO, ODDELENIE, PASSWORD FROM PEDAGOG WHERE (EMAIL = ?)
	bind => [ucitel.test@stuba.sk]
[EL Fine]: sql: 2023-05-18 11:18:32.879--ClientSession(489461162)--Connection(447477005)--Thread(Thread[grizzly-http-server-19,5,main])--INSERT INTO ZAVERECNA_PRACA (ID, DATUMZVEREJNENIA, DEADLINE, NAZOV, POPIS, PRACOVISKO, REGISTRACNECISLO, STATUS, TYP, VEDUCIPRACE_AISID, VYPRACOVATEL_AISID) VALUES (?, ?, ?, ?, ?, ?, ?, ?, ?, ?, ?)
	bind => [5, 2023-05-18 11:18:32.877, 2023-08-18 11:18:32.877, Excellent Simple Bachelor Thesis, Some description of the thesis, SI, FEI-5, VOĽNÁ, BACHELOR, 45678, null]
[EL Fine]: sql: 2023-05-18 11:18:33.395--ClientSession(1038826669)--Connection(447477005)--Thread(Thread[grizzly-http-server-20,5,main])--INSERT INTO STUDENT (AISID, EMAIL, NAME, PASSWORD, PROGRAM, ROCNIK, SEMESTER, ZAVERECNAPRACA_ID) VALUES (?, ?, ?, ?, ?, ?, ?, ?)
	bind => [70127, xstudent@stuba.sk, Test Student, $2a$13$q.qa7PeSHnJ68RVkLMmr6eyQo8RM/2TBE3RfnSLcNTlkVICd0pqXe, null, null, null, null]
[EL Fine]: sql: 2023-05-18 11:18:33.424--ClientSession(1743855085)--Connection(447477005)--Thread(Thread[grizzly-http-server-20,5,main])--UPDATE STUDENT SET PROGRAM = ?, ROCNIK = ?, SEMESTER = ? WHERE (AISID = ?)
	bind => [API, 8, 18, 70127]
[EL Fine]: sql: 2023-05-18 11:18:33.933--ClientSession(941067131)--Connection(447477005)--Thread(Thread[grizzly-http-server-21,5,main])--INSERT INTO STUDENT (AISID, EMAIL, NAME, PASSWORD, PROGRAM, ROCNIK, SEMESTER, ZAVERECNAPRACA_ID) VALUES (?, ?, ?, ?, ?, ?, ?, ?)
	bind => [81230, xstu@stuba.sk, Testovaci Studenttt, $2a$13$g.uwa2G3FvYGtAqeum8T5.Nxp53xsAnUxKCJXa33YYFIFaPiJjfni, null, null, null, null]
[EL Fine]: sql: 2023-05-18 11:18:33.944--ClientSession(1228140240)--Connection(447477005)--Thread(Thread[grizzly-http-server-21,5,main])--UPDATE STUDENT SET PROGRAM = ?, ROCNIK = ?, SEMESTER = ? WHERE (AISID = ?)
	bind => [B-API, 3, 6, 81230]
[EL Fine]: sql: 2023-05-18 11:18:33.954--ServerSession(386311625)--Connection(447477005)--Thread(Thread[grizzly-http-server-22,5,main])--SELECT AISID, EMAIL, INSTITUT, MENO, ODDELENIE, PASSWORD FROM PEDAGOG WHERE (EMAIL = ?)
	bind => [xstudent@stuba.sk]
[EL Fine]: sql: 2023-05-18 11:18:33.955--ServerSession(386311625)--Connection(447477005)--Thread(Thread[grizzly-http-server-22,5,main])--SELECT AISID, EMAIL, NAME, PASSWORD, PROGRAM, ROCNIK, SEMESTER, ZAVERECNAPRACA_ID FROM STUDENT WHERE (EMAIL = ?)
	bind => [xstudent@stuba.sk]
[EL Fine]: sql: 2023-05-18 11:18:34.501--ClientSession(718412715)--Connection(447477005)--Thread(Thread[grizzly-http-server-22,5,main])--UPDATE ZAVERECNA_PRACA SET STATUS = ?, VYPRACOVATEL_AISID = ? WHERE (ID = ?)
	bind => [ZABRANÁ, 70127, 5]
[EL Fine]: sql: 2023-05-18 11:18:34.502--ClientSession(718412715)--Connection(447477005)--Thread(Thread[grizzly-http-server-22,5,main])--UPDATE STUDENT SET ZAVERECNAPRACA_ID = ? WHERE (AISID = ?)
	bind => [5, 70127]
]]></system-out>
  </testcase>
  <testcase name="shouldGetThesis" classname="sk.stuba.fei.uim.vsa.pr2.ThesisResourceTest" time="1.58">
    <failure message="expected: &lt;FEI-a8f87a61c70a4739b6943ac0b8e8032c&gt; but was: &lt;FEI-6&gt;" type="org.opentest4j.AssertionFailedError"><![CDATA[org.opentest4j.AssertionFailedError: expected: <FEI-a8f87a61c70a4739b6943ac0b8e8032c> but was: <FEI-6>
	at sk.stuba.fei.uim.vsa.pr2.ThesisResourceTest.shouldGetThesis(ThesisResourceTest.java:204)
]]></failure>
    <system-out><![CDATA[[EL Fine]: sql: 2023-05-18 11:18:35.078--ClientSession(1130129318)--Connection(447477005)--Thread(Thread[grizzly-http-server-23,5,main])--INSERT INTO PEDAGOG (AISID, EMAIL, INSTITUT, MENO, ODDELENIE, PASSWORD) VALUES (?, ?, ?, ?, ?, ?)
	bind => [45678, ucitel.test@stuba.sk, null, Testovaci ucitel, SI, $2a$13$hrDTCDtrDpf6LfgyUTRFi.dACgRx08APVwD1avfrOqaKmoUuRu94m]
[EL Fine]: sql: 2023-05-18 11:18:35.093--ServerSession(386311625)--Connection(447477005)--Thread(Thread[grizzly-http-server-24,5,main])--SELECT AISID, EMAIL, INSTITUT, MENO, ODDELENIE, PASSWORD FROM PEDAGOG WHERE (EMAIL = ?)
	bind => [ucitel.test@stuba.sk]
[EL Fine]: sql: 2023-05-18 11:18:35.589--ClientSession(1568812400)--Connection(447477005)--Thread(Thread[grizzly-http-server-24,5,main])--INSERT INTO ZAVERECNA_PRACA (ID, DATUMZVEREJNENIA, DEADLINE, NAZOV, POPIS, PRACOVISKO, REGISTRACNECISLO, STATUS, TYP, VEDUCIPRACE_AISID, VYPRACOVATEL_AISID) VALUES (?, ?, ?, ?, ?, ?, ?, ?, ?, ?, ?)
	bind => [6, 2023-05-18 11:18:35.589, 2023-08-18 11:18:35.589, Excellent Simple Bachelor Thesis, Some description of the thesis, SI, FEI-6, VOĽNÁ, BACHELOR, 45678, null]
[EL Fine]: sql: 2023-05-18 11:18:35.607--ServerSession(386311625)--Connection(447477005)--Thread(Thread[grizzly-http-server-25,5,main])--SELECT AISID, EMAIL, INSTITUT, MENO, ODDELENIE, PASSWORD FROM PEDAGOG WHERE (EMAIL = ?)
	bind => [ucitel.test@stuba.sk]
]]></system-out>
  </testcase>
  <testcase name="shouldAssignThesisWithTeacher" classname="sk.stuba.fei.uim.vsa.pr2.ThesisResourceTest" time="2.095">
    <failure message="expected: &lt;FEI-a8f87a61c70a4739b6943ac0b8e8032c&gt; but was: &lt;FEI-7&gt;" type="org.opentest4j.AssertionFailedError"><![CDATA[org.opentest4j.AssertionFailedError: expected: <FEI-a8f87a61c70a4739b6943ac0b8e8032c> but was: <FEI-7>
	at sk.stuba.fei.uim.vsa.pr2.ThesisResourceTest.shouldAssignThesisWithTeacher(ThesisResourceTest.java:298)
]]></failure>
    <system-out><![CDATA[[EL Fine]: sql: 2023-05-18 11:18:36.675--ClientSession(1901383606)--Connection(447477005)--Thread(Thread[grizzly-http-server-26,5,main])--INSERT INTO PEDAGOG (AISID, EMAIL, INSTITUT, MENO, ODDELENIE, PASSWORD) VALUES (?, ?, ?, ?, ?, ?)
	bind => [45678, ucitel.test@stuba.sk, null, Testovaci ucitel, SI, $2a$13$3ovVN1SqpK7UDFvnFYpUruRdURhJ8v2DM.wrL74s/VR10MJ6HyZMa]
[EL Fine]: sql: 2023-05-18 11:18:36.689--ServerSession(386311625)--Connection(447477005)--Thread(Thread[grizzly-http-server-27,5,main])--SELECT AISID, EMAIL, INSTITUT, MENO, ODDELENIE, PASSWORD FROM PEDAGOG WHERE (EMAIL = ?)
	bind => [ucitel.test@stuba.sk]
[EL Fine]: sql: 2023-05-18 11:18:37.167--ClientSession(1788392248)--Connection(447477005)--Thread(Thread[grizzly-http-server-27,5,main])--INSERT INTO ZAVERECNA_PRACA (ID, DATUMZVEREJNENIA, DEADLINE, NAZOV, POPIS, PRACOVISKO, REGISTRACNECISLO, STATUS, TYP, VEDUCIPRACE_AISID, VYPRACOVATEL_AISID) VALUES (?, ?, ?, ?, ?, ?, ?, ?, ?, ?, ?)
	bind => [7, 2023-05-18 11:18:37.167, 2023-08-18 11:18:37.167, Excellent Simple Bachelor Thesis, Some description of the thesis, SI, FEI-7, VOĽNÁ, BACHELOR, 45678, null]
[EL Fine]: sql: 2023-05-18 11:18:37.674--ClientSession(1944758730)--Connection(447477005)--Thread(Thread[grizzly-http-server-28,5,main])--INSERT INTO STUDENT (AISID, EMAIL, NAME, PASSWORD, PROGRAM, ROCNIK, SEMESTER, ZAVERECNAPRACA_ID) VALUES (?, ?, ?, ?, ?, ?, ?, ?)
	bind => [70127, xstudent@stuba.sk, Test Student, $2a$13$tvTZVbu6fjyM8VizOjc7/OnQdz.MM6SADcQUoHiMejlEHhcsyJoWi, null, null, null, null]
[EL Fine]: sql: 2023-05-18 11:18:37.683--ClientSession(1442893233)--Connection(447477005)--Thread(Thread[grizzly-http-server-28,5,main])--UPDATE STUDENT SET PROGRAM = ?, ROCNIK = ?, SEMESTER = ? WHERE (AISID = ?)
	bind => [API, 8, 18, 70127]
[EL Fine]: sql: 2023-05-18 11:18:37.693--ServerSession(386311625)--Connection(447477005)--Thread(Thread[grizzly-http-server-29,5,main])--SELECT AISID, EMAIL, INSTITUT, MENO, ODDELENIE, PASSWORD FROM PEDAGOG WHERE (EMAIL = ?)
	bind => [ucitel.test@stuba.sk]
[EL Fine]: sql: 2023-05-18 11:18:38.177--ClientSession(539834921)--Connection(447477005)--Thread(Thread[grizzly-http-server-29,5,main])--UPDATE ZAVERECNA_PRACA SET STATUS = ?, VYPRACOVATEL_AISID = ? WHERE (ID = ?)
	bind => [ZABRANÁ, 70127, 7]
[EL Fine]: sql: 2023-05-18 11:18:38.18--ClientSession(539834921)--Connection(447477005)--Thread(Thread[grizzly-http-server-29,5,main])--UPDATE STUDENT SET ZAVERECNAPRACA_ID = ? WHERE (AISID = ?)
	bind => [7, 70127]
]]></system-out>
  </testcase>
  <testcase name="shouldCallDeleteThesisWithAnotherTeacher" classname="sk.stuba.fei.uim.vsa.pr2.ThesisResourceTest" time="2.101">
    <failure message="expected: not equal but was: &lt;200&gt;" type="org.opentest4j.AssertionFailedError"><![CDATA[org.opentest4j.AssertionFailedError: expected: not equal but was: <200>
	at sk.stuba.fei.uim.vsa.pr2.ThesisResourceTest.shouldCallDeleteThesisWithAnotherTeacher(ThesisResourceTest.java:263)
]]></failure>
    <system-out><![CDATA[[EL Fine]: sql: 2023-05-18 11:18:38.75--ClientSession(1677167195)--Connection(447477005)--Thread(Thread[grizzly-http-server-30,5,main])--INSERT INTO PEDAGOG (AISID, EMAIL, INSTITUT, MENO, ODDELENIE, PASSWORD) VALUES (?, ?, ?, ?, ?, ?)
	bind => [45678, ucitel.test@stuba.sk, null, Testovaci ucitel, SI, $2a$13$lgMpYBTyEoqyWGLMMgh4yuj.5ufOVWsjkjQ1G4TTGfb1dvSHYFD9q]
[EL Fine]: sql: 2023-05-18 11:18:38.766--ServerSession(386311625)--Connection(447477005)--Thread(Thread[grizzly-http-server-31,5,main])--SELECT AISID, EMAIL, INSTITUT, MENO, ODDELENIE, PASSWORD FROM PEDAGOG WHERE (EMAIL = ?)
	bind => [ucitel.test@stuba.sk]
[EL Fine]: sql: 2023-05-18 11:18:39.253--ClientSession(1082443534)--Connection(447477005)--Thread(Thread[grizzly-http-server-31,5,main])--INSERT INTO ZAVERECNA_PRACA (ID, DATUMZVEREJNENIA, DEADLINE, NAZOV, POPIS, PRACOVISKO, REGISTRACNECISLO, STATUS, TYP, VEDUCIPRACE_AISID, VYPRACOVATEL_AISID) VALUES (?, ?, ?, ?, ?, ?, ?, ?, ?, ?, ?)
	bind => [8, 2023-05-18 11:18:39.252, 2023-08-18 11:18:39.252, Excellent Simple Bachelor Thesis, Some description of the thesis, SI, FEI-8, VOĽNÁ, BACHELOR, 45678, null]
[EL Fine]: sql: 2023-05-18 11:18:39.767--ClientSession(1699401845)--Connection(447477005)--Thread(Thread[grizzly-http-server-32,5,main])--INSERT INTO PEDAGOG (AISID, EMAIL, INSTITUT, MENO, ODDELENIE, PASSWORD) VALUES (?, ?, ?, ?, ?, ?)
	bind => [123456, test.teacher@stuba.sk, null, Meno testovacieho uciteľa, BIS, $2a$13$K6aAmpe30NjV6swTOVerZ.gM3osySDtQo0KowMcY2VGyMce0G8zdm]
[EL Fine]: sql: 2023-05-18 11:18:39.789--ServerSession(386311625)--Connection(447477005)--Thread(Thread[grizzly-http-server-33,5,main])--SELECT AISID, EMAIL, INSTITUT, MENO, ODDELENIE, PASSWORD FROM PEDAGOG WHERE (EMAIL = ?)
	bind => [test.teacher@stuba.sk]
[EL Fine]: sql: 2023-05-18 11:18:40.277--ClientSession(1218809960)--Connection(447477005)--Thread(Thread[grizzly-http-server-33,5,main])--DELETE FROM ZAVERECNA_PRACA WHERE (ID = ?)
	bind => [8]
]]></system-out>
  </testcase>
  <testcase name="shouldGetEmptyList" classname="sk.stuba.fei.uim.vsa.pr2.ThesisResourceTest" time="1.105"/>
  <testcase name="shouldCallFindThesesWithEmptyCriteria" classname="sk.stuba.fei.uim.vsa.pr2.ThesisResourceTest" time="1.636">
    <failure message="expected: &lt;200&gt; but was: &lt;500&gt;" type="org.opentest4j.AssertionFailedError"><![CDATA[org.opentest4j.AssertionFailedError: expected: <200> but was: <500>
	at sk.stuba.fei.uim.vsa.pr2.ThesisResourceTest.shouldCallFindThesesWithEmptyCriteria(ThesisResourceTest.java:585)
]]></failure>
    <system-out><![CDATA[[EL Fine]: sql: 2023-05-18 11:18:41.993--ClientSession(990605280)--Connection(447477005)--Thread(Thread[grizzly-http-server-37,5,main])--INSERT INTO PEDAGOG (AISID, EMAIL, INSTITUT, MENO, ODDELENIE, PASSWORD) VALUES (?, ?, ?, ?, ?, ?)
	bind => [45678, ucitel.test@stuba.sk, null, Testovaci ucitel, SI, $2a$13$hEktEj/Exw89z4dpTMc5SeJk53bjOPiIIL/5cY7wxo2E0wL/buh/.]
[EL Fine]: sql: 2023-05-18 11:18:42.008--ServerSession(386311625)--Connection(447477005)--Thread(Thread[grizzly-http-server-38,5,main])--SELECT AISID, EMAIL, INSTITUT, MENO, ODDELENIE, PASSWORD FROM PEDAGOG WHERE (EMAIL = ?)
	bind => [ucitel.test@stuba.sk]
[EL Fine]: sql: 2023-05-18 11:18:42.521--ClientSession(917822131)--Connection(447477005)--Thread(Thread[grizzly-http-server-38,5,main])--INSERT INTO ZAVERECNA_PRACA (ID, DATUMZVEREJNENIA, DEADLINE, NAZOV, POPIS, PRACOVISKO, REGISTRACNECISLO, STATUS, TYP, VEDUCIPRACE_AISID, VYPRACOVATEL_AISID) VALUES (?, ?, ?, ?, ?, ?, ?, ?, ?, ?, ?)
	bind => [9, 2023-05-18 11:18:42.521, 2023-08-18 11:18:42.521, Excellent Simple Bachelor Thesis, Some description of the thesis, SI, FEI-9, VOĽNÁ, BACHELOR, 45678, null]
[EL Fine]: sql: 2023-05-18 11:18:42.541--ServerSession(386311625)--Connection(447477005)--Thread(Thread[grizzly-http-server-39,5,main])--SELECT AISID, EMAIL, INSTITUT, MENO, ODDELENIE, PASSWORD FROM PEDAGOG WHERE (EMAIL = ?)
	bind => [ucitel.test@stuba.sk]
]]></system-out>
  </testcase>
  <testcase name="shouldCreateThesisWithOnlyRequiredProperties" classname="sk.stuba.fei.uim.vsa.pr2.ThesisResourceTest" time="1.082">
    <failure message="expected: &lt;FEI-a8f87a61c70a4739b6943ac0b8e8032c&gt; but was: &lt;FEI-10&gt;" type="org.opentest4j.AssertionFailedError"><![CDATA[org.opentest4j.AssertionFailedError: expected: <FEI-a8f87a61c70a4739b6943ac0b8e8032c> but was: <FEI-10>
	at sk.stuba.fei.uim.vsa.pr2.ThesisResourceTest.shouldCreateThesisWithOnlyRequiredProperties(ThesisResourceTest.java:80)
]]></failure>
    <system-out><![CDATA[[EL Fine]: sql: 2023-05-18 11:18:43.601--ClientSession(1084724061)--Connection(447477005)--Thread(Thread[grizzly-http-server-0,5,main])--INSERT INTO PEDAGOG (AISID, EMAIL, INSTITUT, MENO, ODDELENIE, PASSWORD) VALUES (?, ?, ?, ?, ?, ?)
	bind => [45678, ucitel.test@stuba.sk, null, Testovaci ucitel, SI, $2a$13$DxRevkWPlYNtYZKrIAiSkO/mUQht58TyYnmhgpTrSHlkiPbNDJOYm]
[EL Fine]: sql: 2023-05-18 11:18:43.616--ServerSession(386311625)--Connection(447477005)--Thread(Thread[grizzly-http-server-1,5,main])--SELECT AISID, EMAIL, INSTITUT, MENO, ODDELENIE, PASSWORD FROM PEDAGOG WHERE (EMAIL = ?)
	bind => [ucitel.test@stuba.sk]
[EL Fine]: sql: 2023-05-18 11:18:44.098--ClientSession(1051050533)--Connection(447477005)--Thread(Thread[grizzly-http-server-1,5,main])--INSERT INTO ZAVERECNA_PRACA (ID, DATUMZVEREJNENIA, DEADLINE, NAZOV, POPIS, PRACOVISKO, REGISTRACNECISLO, STATUS, TYP, VEDUCIPRACE_AISID, VYPRACOVATEL_AISID) VALUES (?, ?, ?, ?, ?, ?, ?, ?, ?, ?, ?)
	bind => [10, 2023-05-18 11:18:44.097, 2023-08-18 11:18:44.097, Excellent Simple Bachelor Thesis, null, SI, FEI-10, VOĽNÁ, BACHELOR, 45678, null]
2023-05-18 11:18:44.108  INFO --- [           main] s.s.fei.uim.vsa.pr2.ThesisResourceTest   : Received response InboundJaxrsResponse{context=ClientResponse{method=POST, uri=http://docker-desktop:8080/api/theses, status=201, reason=Created}}
]]></system-out>
  </testcase>
  <testcase name="shouldCallWithoutBodyAndReturnError" classname="sk.stuba.fei.uim.vsa.pr2.ThesisResourceTest" time="1.072"/>
  <testcase name="shouldSubmitThesisWithStudent" classname="sk.stuba.fei.uim.vsa.pr2.ThesisResourceTest" time="2.689">
    <failure message="expected: &lt;IN_PROGRESS&gt; but was: &lt;null&gt;" type="org.opentest4j.AssertionFailedError"><![CDATA[org.opentest4j.AssertionFailedError: expected: <IN_PROGRESS> but was: <null>
	at sk.stuba.fei.uim.vsa.pr2.ThesisResourceTest.shouldSubmitThesisWithStudent(ThesisResourceTest.java:420)
]]></failure>
    <system-out><![CDATA[[EL Fine]: sql: 2023-05-18 11:18:45.754--ClientSession(1897228265)--Connection(447477005)--Thread(Thread[grizzly-http-server-4,5,main])--INSERT INTO PEDAGOG (AISID, EMAIL, INSTITUT, MENO, ODDELENIE, PASSWORD) VALUES (?, ?, ?, ?, ?, ?)
	bind => [45678, ucitel.test@stuba.sk, null, Testovaci ucitel, SI, $2a$13$OhVi7Tyh5ENreFZZsTn1TOfsESViQcyahzDKD4IdlVVBblVIrbHD2]
[EL Fine]: sql: 2023-05-18 11:18:45.77--ServerSession(386311625)--Connection(447477005)--Thread(Thread[grizzly-http-server-5,5,main])--SELECT AISID, EMAIL, INSTITUT, MENO, ODDELENIE, PASSWORD FROM PEDAGOG WHERE (EMAIL = ?)
	bind => [ucitel.test@stuba.sk]
[EL Fine]: sql: 2023-05-18 11:18:46.259--ClientSession(396654383)--Connection(447477005)--Thread(Thread[grizzly-http-server-5,5,main])--INSERT INTO ZAVERECNA_PRACA (ID, DATUMZVEREJNENIA, DEADLINE, NAZOV, POPIS, PRACOVISKO, REGISTRACNECISLO, STATUS, TYP, VEDUCIPRACE_AISID, VYPRACOVATEL_AISID) VALUES (?, ?, ?, ?, ?, ?, ?, ?, ?, ?, ?)
	bind => [11, 2023-05-18 11:18:46.259, 2023-08-18 11:18:46.259, Excellent Simple Bachelor Thesis, Some description of the thesis, SI, FEI-11, VOĽNÁ, BACHELOR, 45678, null]
[EL Fine]: sql: 2023-05-18 11:18:46.773--ClientSession(2093406669)--Connection(447477005)--Thread(Thread[grizzly-http-server-6,5,main])--INSERT INTO STUDENT (AISID, EMAIL, NAME, PASSWORD, PROGRAM, ROCNIK, SEMESTER, ZAVERECNAPRACA_ID) VALUES (?, ?, ?, ?, ?, ?, ?, ?)
	bind => [70127, xstudent@stuba.sk, Test Student, $2a$13$LDTn/D/kraHwa.F1WkmynuPmZjUQv.8YA4ux01kzikJ9CThehdju., null, null, null, null]
[EL Fine]: sql: 2023-05-18 11:18:46.78--ClientSession(1115791872)--Connection(447477005)--Thread(Thread[grizzly-http-server-6,5,main])--UPDATE STUDENT SET PROGRAM = ?, ROCNIK = ?, SEMESTER = ? WHERE (AISID = ?)
	bind => [API, 8, 18, 70127]
[EL Fine]: sql: 2023-05-18 11:18:47.275--ClientSession(1063552696)--Connection(447477005)--Thread(Thread[grizzly-http-server-7,5,main])--INSERT INTO STUDENT (AISID, EMAIL, NAME, PASSWORD, PROGRAM, ROCNIK, SEMESTER, ZAVERECNAPRACA_ID) VALUES (?, ?, ?, ?, ?, ?, ?, ?)
	bind => [81230, xstu@stuba.sk, Testovaci Studenttt, $2a$13$apZXneJ08NB21Q68wsCIn.sU2TfmpI.ctPzgF48rMgAK0KT9VtMoq, null, null, null, null]
[EL Fine]: sql: 2023-05-18 11:18:47.285--ClientSession(1382850445)--Connection(447477005)--Thread(Thread[grizzly-http-server-7,5,main])--UPDATE STUDENT SET PROGRAM = ?, ROCNIK = ?, SEMESTER = ? WHERE (AISID = ?)
	bind => [B-API, 3, 6, 81230]
[EL Fine]: sql: 2023-05-18 11:18:47.305--ServerSession(386311625)--Connection(447477005)--Thread(Thread[grizzly-http-server-8,5,main])--SELECT AISID, EMAIL, INSTITUT, MENO, ODDELENIE, PASSWORD FROM PEDAGOG WHERE (EMAIL = ?)
	bind => [ucitel.test@stuba.sk]
[EL Fine]: sql: 2023-05-18 11:18:47.86--ClientSession(510724861)--Connection(447477005)--Thread(Thread[grizzly-http-server-8,5,main])--UPDATE ZAVERECNA_PRACA SET STATUS = ?, VYPRACOVATEL_AISID = ? WHERE (ID = ?)
	bind => [ZABRANÁ, 70127, 11]
[EL Fine]: sql: 2023-05-18 11:18:47.861--ClientSession(510724861)--Connection(447477005)--Thread(Thread[grizzly-http-server-8,5,main])--UPDATE STUDENT SET ZAVERECNAPRACA_ID = ? WHERE (AISID = ?)
	bind => [11, 70127]
]]></system-out>
  </testcase>
  <testcase name="shouldCallDeleteThesisWithStudent" classname="sk.stuba.fei.uim.vsa.pr2.ThesisResourceTest" time="2.134"/>
  <testcase name="shouldSubmitThesisWithTeacher" classname="sk.stuba.fei.uim.vsa.pr2.ThesisResourceTest" time="2.137">
    <failure message="expected: &lt;IN_PROGRESS&gt; but was: &lt;null&gt;" type="org.opentest4j.AssertionFailedError"><![CDATA[org.opentest4j.AssertionFailedError: expected: <IN_PROGRESS> but was: <null>
	at sk.stuba.fei.uim.vsa.pr2.ThesisResourceTest.shouldSubmitThesisWithTeacher(ThesisResourceTest.java:372)
]]></failure>
    <system-out><![CDATA[[EL Fine]: sql: 2023-05-18 11:18:50.584--ClientSession(2118579755)--Connection(447477005)--Thread(Thread[grizzly-http-server-13,5,main])--INSERT INTO PEDAGOG (AISID, EMAIL, INSTITUT, MENO, ODDELENIE, PASSWORD) VALUES (?, ?, ?, ?, ?, ?)
	bind => [45678, ucitel.test@stuba.sk, null, Testovaci ucitel, SI, $2a$13$BRMpK719YlUWrEPIGwyyyuQlqQuVSGhu84kXx3fNYLywCNBZPRkFi]
[EL Fine]: sql: 2023-05-18 11:18:50.605--ServerSession(386311625)--Connection(447477005)--Thread(Thread[grizzly-http-server-14,5,main])--SELECT AISID, EMAIL, INSTITUT, MENO, ODDELENIE, PASSWORD FROM PEDAGOG WHERE (EMAIL = ?)
	bind => [ucitel.test@stuba.sk]
[EL Fine]: sql: 2023-05-18 11:18:51.083--ClientSession(1759046266)--Connection(447477005)--Thread(Thread[grizzly-http-server-14,5,main])--INSERT INTO ZAVERECNA_PRACA (ID, DATUMZVEREJNENIA, DEADLINE, NAZOV, POPIS, PRACOVISKO, REGISTRACNECISLO, STATUS, TYP, VEDUCIPRACE_AISID, VYPRACOVATEL_AISID) VALUES (?, ?, ?, ?, ?, ?, ?, ?, ?, ?, ?)
	bind => [13, 2023-05-18 11:18:51.082, 2023-08-18 11:18:51.082, Excellent Simple Bachelor Thesis, Some description of the thesis, SI, FEI-13, VOĽNÁ, BACHELOR, 45678, null]
[EL Fine]: sql: 2023-05-18 11:18:51.591--ClientSession(415376610)--Connection(447477005)--Thread(Thread[grizzly-http-server-15,5,main])--INSERT INTO STUDENT (AISID, EMAIL, NAME, PASSWORD, PROGRAM, ROCNIK, SEMESTER, ZAVERECNAPRACA_ID) VALUES (?, ?, ?, ?, ?, ?, ?, ?)
	bind => [70127, xstudent@stuba.sk, Test Student, $2a$13$TpXOd1RU/oFbosn8/4xHoub7KEQ10exhYG/7kFHd6mDQYYeUkG0dq, null, null, null, null]
[EL Fine]: sql: 2023-05-18 11:18:51.604--ClientSession(1178698781)--Connection(447477005)--Thread(Thread[grizzly-http-server-15,5,main])--UPDATE STUDENT SET PROGRAM = ?, ROCNIK = ?, SEMESTER = ? WHERE (AISID = ?)
	bind => [API, 8, 18, 70127]
[EL Fine]: sql: 2023-05-18 11:18:51.612--ServerSession(386311625)--Connection(447477005)--Thread(Thread[grizzly-http-server-16,5,main])--SELECT AISID, EMAIL, INSTITUT, MENO, ODDELENIE, PASSWORD FROM PEDAGOG WHERE (EMAIL = ?)
	bind => [ucitel.test@stuba.sk]
[EL Fine]: sql: 2023-05-18 11:18:52.132--ClientSession(2126951748)--Connection(447477005)--Thread(Thread[grizzly-http-server-16,5,main])--UPDATE ZAVERECNA_PRACA SET STATUS = ?, VYPRACOVATEL_AISID = ? WHERE (ID = ?)
	bind => [ZABRANÁ, 70127, 13]
[EL Fine]: sql: 2023-05-18 11:18:52.133--ClientSession(2126951748)--Connection(447477005)--Thread(Thread[grizzly-http-server-16,5,main])--UPDATE STUDENT SET ZAVERECNAPRACA_ID = ? WHERE (AISID = ?)
	bind => [13, 70127]
]]></system-out>
  </testcase>
  <testcase name="shouldDeleteThesis" classname="sk.stuba.fei.uim.vsa.pr2.ThesisResourceTest" time="1.59">
    <failure message="expected: &lt;FEI-a8f87a61c70a4739b6943ac0b8e8032c&gt; but was: &lt;FEI-14&gt;" type="org.opentest4j.AssertionFailedError"><![CDATA[org.opentest4j.AssertionFailedError: expected: <FEI-a8f87a61c70a4739b6943ac0b8e8032c> but was: <FEI-14>
	at sk.stuba.fei.uim.vsa.pr2.ThesisResourceTest.shouldDeleteThesis(ThesisResourceTest.java:248)
]]></failure>
    <system-out><![CDATA[[EL Fine]: sql: 2023-05-18 11:18:52.713--ClientSession(1258498095)--Connection(447477005)--Thread(Thread[grizzly-http-server-17,5,main])--INSERT INTO PEDAGOG (AISID, EMAIL, INSTITUT, MENO, ODDELENIE, PASSWORD) VALUES (?, ?, ?, ?, ?, ?)
	bind => [45678, ucitel.test@stuba.sk, null, Testovaci ucitel, SI, $2a$13$6c0i17U2JiQuXLXJe6gRSu0cOBPc54ljZLy8yZP8wrqSmzGJT7XTi]
[EL Fine]: sql: 2023-05-18 11:18:52.729--ServerSession(386311625)--Connection(447477005)--Thread(Thread[grizzly-http-server-18,5,main])--SELECT AISID, EMAIL, INSTITUT, MENO, ODDELENIE, PASSWORD FROM PEDAGOG WHERE (EMAIL = ?)
	bind => [ucitel.test@stuba.sk]
[EL Fine]: sql: 2023-05-18 11:18:53.216--ClientSession(796460534)--Connection(447477005)--Thread(Thread[grizzly-http-server-18,5,main])--INSERT INTO ZAVERECNA_PRACA (ID, DATUMZVEREJNENIA, DEADLINE, NAZOV, POPIS, PRACOVISKO, REGISTRACNECISLO, STATUS, TYP, VEDUCIPRACE_AISID, VYPRACOVATEL_AISID) VALUES (?, ?, ?, ?, ?, ?, ?, ?, ?, ?, ?)
	bind => [14, 2023-05-18 11:18:53.216, 2023-08-18 11:18:53.216, Excellent Simple Bachelor Thesis, Some description of the thesis, SI, FEI-14, VOĽNÁ, BACHELOR, 45678, null]
[EL Fine]: sql: 2023-05-18 11:18:53.228--ServerSession(386311625)--Connection(447477005)--Thread(Thread[grizzly-http-server-19,5,main])--SELECT AISID, EMAIL, INSTITUT, MENO, ODDELENIE, PASSWORD FROM PEDAGOG WHERE (EMAIL = ?)
	bind => [ucitel.test@stuba.sk]
[EL Fine]: sql: 2023-05-18 11:18:53.721--ClientSession(1694514629)--Connection(447477005)--Thread(Thread[grizzly-http-server-19,5,main])--DELETE FROM ZAVERECNA_PRACA WHERE (ID = ?)
	bind => [14]
]]></system-out>
  </testcase>
  <testcase name="shouldCallFindThesesWithWrongCriteria" classname="sk.stuba.fei.uim.vsa.pr2.ThesisResourceTest" time="1.631">
    <failure message="expected: not equal but was: &lt;200&gt;" type="org.opentest4j.AssertionFailedError"><![CDATA[org.opentest4j.AssertionFailedError: expected: not equal but was: <200>
	at sk.stuba.fei.uim.vsa.pr2.ThesisResourceTest.shouldCallFindThesesWithWrongCriteria(ThesisResourceTest.java:624)
]]></failure>
    <system-out><![CDATA[[EL Fine]: sql: 2023-05-18 11:18:54.342--ClientSession(235629709)--Connection(447477005)--Thread(Thread[grizzly-http-server-21,5,main])--INSERT INTO PEDAGOG (AISID, EMAIL, INSTITUT, MENO, ODDELENIE, PASSWORD) VALUES (?, ?, ?, ?, ?, ?)
	bind => [45678, ucitel.test@stuba.sk, null, Testovaci ucitel, SI, $2a$13$PXaMXJxEQcYTF38wi/LSLOGKuAWpAt1IS1uM2OWIJTzlGQcH3HFUW]
[EL Fine]: sql: 2023-05-18 11:18:54.357--ServerSession(386311625)--Connection(447477005)--Thread(Thread[grizzly-http-server-22,5,main])--SELECT AISID, EMAIL, INSTITUT, MENO, ODDELENIE, PASSWORD FROM PEDAGOG WHERE (EMAIL = ?)
	bind => [ucitel.test@stuba.sk]
[EL Fine]: sql: 2023-05-18 11:18:54.856--ClientSession(1783475588)--Connection(447477005)--Thread(Thread[grizzly-http-server-22,5,main])--INSERT INTO ZAVERECNA_PRACA (ID, DATUMZVEREJNENIA, DEADLINE, NAZOV, POPIS, PRACOVISKO, REGISTRACNECISLO, STATUS, TYP, VEDUCIPRACE_AISID, VYPRACOVATEL_AISID) VALUES (?, ?, ?, ?, ?, ?, ?, ?, ?, ?, ?)
	bind => [15, 2023-05-18 11:18:54.856, 2023-08-18 11:18:54.856, Excellent Simple Bachelor Thesis, Some description of the thesis, SI, FEI-15, VOĽNÁ, BACHELOR, 45678, null]
[EL Fine]: sql: 2023-05-18 11:18:54.873--ServerSession(386311625)--Connection(447477005)--Thread(Thread[grizzly-http-server-23,5,main])--SELECT AISID, EMAIL, INSTITUT, MENO, ODDELENIE, PASSWORD FROM PEDAGOG WHERE (EMAIL = ?)
	bind => [ucitel.test@stuba.sk]
[EL Fine]: sql: 2023-05-18 11:18:55.363--ServerSession(386311625)--Connection(447477005)--Thread(Thread[grizzly-http-server-23,5,main])--SELECT ID, DATUMZVEREJNENIA, DEADLINE, NAZOV, POPIS, PRACOVISKO, REGISTRACNECISLO, STATUS, TYP, VEDUCIPRACE_AISID, VYPRACOVATEL_AISID FROM ZAVERECNA_PRACA WHERE (VEDUCIPRACE_AISID = ?)
	bind => [1]
]]></system-out>
  </testcase>
  <testcase name="shouldSubmitThesisWithTeacherAndWithWrongStudent" classname="sk.stuba.fei.uim.vsa.pr2.ThesisResourceTest" time="2.098">
    <failure message="expected: &lt;IN_PROGRESS&gt; but was: &lt;null&gt;" type="org.opentest4j.AssertionFailedError"><![CDATA[org.opentest4j.AssertionFailedError: expected: <IN_PROGRESS> but was: <null>
	at sk.stuba.fei.uim.vsa.pr2.ThesisResourceTest.shouldSubmitThesisWithTeacherAndWithWrongStudent(ThesisResourceTest.java:466)
]]></failure>
    <system-out><![CDATA[[EL Fine]: sql: 2023-05-18 11:18:55.928--ClientSession(363283617)--Connection(447477005)--Thread(Thread[grizzly-http-server-24,5,main])--INSERT INTO PEDAGOG (AISID, EMAIL, INSTITUT, MENO, ODDELENIE, PASSWORD) VALUES (?, ?, ?, ?, ?, ?)
	bind => [45678, ucitel.test@stuba.sk, null, Testovaci ucitel, SI, $2a$13$5HQSgxEUAG59JYzv66WQc.9J8nvN3FsEFEJ7hkN68mEEhtSYNKcF.]
[EL Fine]: sql: 2023-05-18 11:18:55.941--ServerSession(386311625)--Connection(447477005)--Thread(Thread[grizzly-http-server-25,5,main])--SELECT AISID, EMAIL, INSTITUT, MENO, ODDELENIE, PASSWORD FROM PEDAGOG WHERE (EMAIL = ?)
	bind => [ucitel.test@stuba.sk]
[EL Fine]: sql: 2023-05-18 11:18:56.431--ClientSession(288799256)--Connection(447477005)--Thread(Thread[grizzly-http-server-25,5,main])--INSERT INTO ZAVERECNA_PRACA (ID, DATUMZVEREJNENIA, DEADLINE, NAZOV, POPIS, PRACOVISKO, REGISTRACNECISLO, STATUS, TYP, VEDUCIPRACE_AISID, VYPRACOVATEL_AISID) VALUES (?, ?, ?, ?, ?, ?, ?, ?, ?, ?, ?)
	bind => [16, 2023-05-18 11:18:56.43, 2023-08-18 11:18:56.43, Excellent Simple Bachelor Thesis, Some description of the thesis, SI, FEI-16, VOĽNÁ, BACHELOR, 45678, null]
[EL Fine]: sql: 2023-05-18 11:18:56.942--ClientSession(1790268924)--Connection(447477005)--Thread(Thread[grizzly-http-server-26,5,main])--INSERT INTO STUDENT (AISID, EMAIL, NAME, PASSWORD, PROGRAM, ROCNIK, SEMESTER, ZAVERECNAPRACA_ID) VALUES (?, ?, ?, ?, ?, ?, ?, ?)
	bind => [70127, xstudent@stuba.sk, Test Student, $2a$13$xGcLGXbzyMOQPKBPDYNXOeC0z8bxZRy0GXKvHnZOIbY6e6k3HP3ZC, null, null, null, null]
[EL Fine]: sql: 2023-05-18 11:18:56.951--ClientSession(1999098255)--Connection(447477005)--Thread(Thread[grizzly-http-server-26,5,main])--UPDATE STUDENT SET PROGRAM = ?, ROCNIK = ?, SEMESTER = ? WHERE (AISID = ?)
	bind => [API, 8, 18, 70127]
[EL Fine]: sql: 2023-05-18 11:18:56.959--ServerSession(386311625)--Connection(447477005)--Thread(Thread[grizzly-http-server-27,5,main])--SELECT AISID, EMAIL, INSTITUT, MENO, ODDELENIE, PASSWORD FROM PEDAGOG WHERE (EMAIL = ?)
	bind => [ucitel.test@stuba.sk]
[EL Fine]: sql: 2023-05-18 11:18:57.451--ClientSession(834165306)--Connection(447477005)--Thread(Thread[grizzly-http-server-27,5,main])--UPDATE ZAVERECNA_PRACA SET STATUS = ?, VYPRACOVATEL_AISID = ? WHERE (ID = ?)
	bind => [ZABRANÁ, 70127, 16]
[EL Fine]: sql: 2023-05-18 11:18:57.452--ClientSession(834165306)--Connection(447477005)--Thread(Thread[grizzly-http-server-27,5,main])--UPDATE STUDENT SET ZAVERECNAPRACA_ID = ? WHERE (AISID = ?)
	bind => [16, 70127]
]]></system-out>
  </testcase>
  <testcase name="shouldGetAllTheses" classname="sk.stuba.fei.uim.vsa.pr2.ThesisResourceTest" time="2.117"/>
</testsuite>
<testsuite xmlns:xsi="http://www.w3.org/2001/XMLSchema-instance" xsi:noNamespaceSchemaLocation="https://maven.apache.org/surefire/maven-surefire-plugin/xsd/surefire-test-report.xsd" name="sk.stuba.fei.uim.vsa.pr2.SanityCheckTest" time="1.398" tests="3" errors="0" skipped="0" failures="0">
  <properties>
[...]
</properties>
  <testcase name="testValidityOfPOMFile" classname="sk.stuba.fei.uim.vsa.pr2.SanityCheckTest" time="0.013"/>
  <testcase name="testForResourcesAvailability" classname="sk.stuba.fei.uim.vsa.pr2.SanityCheckTest" time="0.225"/>
  <testcase name="testPersistentUnit" classname="sk.stuba.fei.uim.vsa.pr2.SanityCheckTest" time="0.003"/>
</testsuite>
<testsuite xmlns:xsi="http://www.w3.org/2001/XMLSchema-instance" xsi:noNamespaceSchemaLocation="https://maven.apache.org/surefire/maven-surefire-plugin/xsd/surefire-test-report.xsd" name="sk.stuba.fei.uim.vsa.pr2.TeacherResourceTest" time="10.791" tests="11" errors="0" skipped="0" failures="2">
  <properties>
[...]
</properties>
  <testcase name="shouldCreateTeacherWithOnlyRequiredProperties" classname="sk.stuba.fei.uim.vsa.pr2.TeacherResourceTest" time="0.641"/>
  <testcase name="shouldGetTeacher" classname="sk.stuba.fei.uim.vsa.pr2.TeacherResourceTest" time="1.126"/>
  <testcase name="deleteTeacher" classname="sk.stuba.fei.uim.vsa.pr2.TeacherResourceTest" time="1.063">
    <failure message="expected: &lt;200&gt; but was: &lt;403&gt;" type="org.opentest4j.AssertionFailedError"><![CDATA[org.opentest4j.AssertionFailedError: expected: <200> but was: <403>
	at sk.stuba.fei.uim.vsa.pr2.TeacherResourceTest.deleteTeacher(TeacherResourceTest.java:181)
]]></failure>
    <system-out><![CDATA[[EL Fine]: moxy: 2023-05-18 11:19:01.651--Thread(Thread[main,5,main])--MOXyJsonProvider.writeTo(...) is called.
[EL Fine]: moxy: 2023-05-18 11:19:01.651--Thread(Thread[main,5,main])--Setting marshaller property (name/value): jaxb.formatted.output/false
[EL Fine]: moxy: 2023-05-18 11:19:01.651--Thread(Thread[main,5,main])--Setting marshaller property (name/value): eclipselink.media-type/application/json
[EL Fine]: moxy: 2023-05-18 11:19:01.651--Thread(Thread[main,5,main])--Setting marshaller property (name/value): eclipselink.json.attribute-prefix/null
[EL Fine]: moxy: 2023-05-18 11:19:01.651--Thread(Thread[main,5,main])--Setting marshaller property (name/value): eclipselink.json.include-root/false
[EL Fine]: moxy: 2023-05-18 11:19:01.651--Thread(Thread[main,5,main])--Setting marshaller property (name/value): eclipselink.json.marshal-empty-collections/true
[EL Fine]: moxy: 2023-05-18 11:19:01.651--Thread(Thread[main,5,main])--Setting marshaller property (name/value): eclipselink.json.namespace-separator/.
[EL Fine]: moxy: 2023-05-18 11:19:01.651--Thread(Thread[main,5,main])--Setting marshaller property (name/value): eclipselink.json.wrapper-as-array-name/false
[EL Fine]: moxy: 2023-05-18 11:19:01.651--Thread(Thread[main,5,main])--Setting marshaller property (name/value): eclipselink.namespace-prefix-mapper/null
[EL Fine]: moxy: 2023-05-18 11:19:01.651--Thread(Thread[main,5,main])--Setting marshaller property (name/value): jaxb.formatted.output/false
[EL Fine]: moxy: 2023-05-18 11:19:01.651--Thread(Thread[main,5,main])--Setting marshaller property (name/value): eclipselink.json.namespace-separator/.
[EL Fine]: moxy: 2023-05-18 11:19:01.651--Thread(Thread[main,5,main])--Setting marshaller property (name/value): eclipselink.json.include-root/false
[EL Fine]: moxy: 2023-05-18 11:19:01.651--Thread(Thread[main,5,main])--Setting marshaller property (name/value): eclipselink.json.marshal-empty-collections/true
[EL Fine]: moxy: 2023-05-18 11:19:01.652--Thread(Thread[main,5,main])--Marshalling "sk.stuba.fei.uim.vsa.pr2.model.dto.request.CreateTeacherRequest" into APPLICATION_JSON started
[EL Fine]: moxy: 2023-05-18 11:19:01.653--Thread(Thread[grizzly-http-server-3,5,main])--SAXParserFactory instance: com.sun.org.apache.xerces.internal.jaxp.SAXParserFactoryImpl@14a7a72c
[EL Fine]: sql: 2023-05-18 11:19:02.138--ClientSession(1678089507)--Connection(1714961449)--Thread(Thread[grizzly-http-server-3,5,main])--INSERT INTO PEDAGOG (AISID, EMAIL, INSTITUT, MENO, ODDELENIE, PASSWORD) VALUES (?, ?, ?, ?, ?, ?)
	bind => [45678, ucitel.test@stuba.sk, null, Testovaci ucitel, SI, $2a$13$tvseButhEKRznGsoABXenOsonglASWdGpL4OdHn0e/Vbid7pXdFjC]
[EL Fine]: moxy: 2023-05-18 11:19:02.148--Thread(Thread[main,5,main])--MOXyJsonProvider.readFrom(...) is called.
[EL Fine]: moxy: 2023-05-18 11:19:02.148--Thread(Thread[main,5,main])--Setting unmarshaller property (name/value): eclipselink.media-type/application/json
[EL Fine]: moxy: 2023-05-18 11:19:02.148--Thread(Thread[main,5,main])--Setting unmarshaller property (name/value): eclipselink.json.attribute-prefix/null
[EL Fine]: moxy: 2023-05-18 11:19:02.148--Thread(Thread[main,5,main])--Setting unmarshaller property (name/value): eclipselink.json.include-root/false
[EL Fine]: moxy: 2023-05-18 11:19:02.148--Thread(Thread[main,5,main])--Setting unmarshaller property (name/value): eclipselink.namespace-prefix-mapper/null
[EL Fine]: moxy: 2023-05-18 11:19:02.148--Thread(Thread[main,5,main])--Setting unmarshaller property (name/value): eclipselink.json.namespace-separator/.
[EL Fine]: moxy: 2023-05-18 11:19:02.148--Thread(Thread[main,5,main])--Setting unmarshaller property (name/value): eclipselink.json.wrapper-as-array-name/false
[EL Fine]: moxy: 2023-05-18 11:19:02.148--Thread(Thread[main,5,main])--Setting unmarshaller property (name/value): eclipselink.json.namespace-separator/.
[EL Fine]: moxy: 2023-05-18 11:19:02.148--Thread(Thread[main,5,main])--Setting unmarshaller property (name/value): eclipselink.json.include-root/false
[EL Fine]: moxy: 2023-05-18 11:19:02.148--Thread(Thread[main,5,main])--Unmarshalling org.eclipse.persistence.oxm.XMLRoot into "APPLICATION_JSON" by "org.eclipse.persistence.internal.oxm.record.SAXUnmarshaller" started
[EL Fine]: moxy: 2023-05-18 11:19:02.15--Thread(Thread[grizzly-http-server-4,5,main])--SAXParserFactory instance: com.sun.org.apache.xerces.internal.jaxp.SAXParserFactoryImpl@3f5a0dce
[EL Fine]: moxy: 2023-05-18 11:19:02.152--Thread(Thread[grizzly-http-server-4,5,main])--SAXParserFactory instance: com.sun.org.apache.xerces.internal.jaxp.SAXParserFactoryImpl@5ce98a22
[EL Fine]: sql: 2023-05-18 11:19:02.153--ServerSession(2126392903)--Connection(1714961449)--Thread(Thread[grizzly-http-server-4,5,main])--SELECT AISID, EMAIL, INSTITUT, MENO, ODDELENIE, PASSWORD FROM PEDAGOG WHERE (EMAIL = ?)
	bind => [ucitel.test@stuba.sk]
]]></system-out>
  </testcase>
  <testcase name="shouldGetNotFoundForNonExistingTeacher" classname="sk.stuba.fei.uim.vsa.pr2.TeacherResourceTest" time="1.175"/>
  <testcase name="shouldReturnUnauthorized" classname="sk.stuba.fei.uim.vsa.pr2.TeacherResourceTest" time="0.099">
    <failure type="org.opentest4j.AssertionFailedError:">org.opentest4j.AssertionFailedError: 
	at sk.stuba.fei.uim.vsa.pr2.TeacherResourceTest.shouldReturnUnauthorized(TeacherResourceTest.java:116)
Caused by: javax.ws.rs.ProcessingException: java.lang.IllegalArgumentException: invalid start or end
	at sk.stuba.fei.uim.vsa.pr2.TeacherResourceTest.shouldReturnUnauthorized(TeacherResourceTest.java:112)
Caused by: java.lang.RuntimeException: java.lang.IllegalArgumentException: invalid start or end
	at sk.stuba.fei.uim.vsa.pr2.TeacherResourceTest.shouldReturnUnauthorized(TeacherResourceTest.java:112)
Caused by: java.lang.IllegalArgumentException: invalid start or end
	at sk.stuba.fei.uim.vsa.pr2.TeacherResourceTest.shouldReturnUnauthorized(TeacherResourceTest.java:112)
</failure>
    <system-out><![CDATA[[EL Fine]: moxy: 2023-05-18 11:19:03.918--Thread(Thread[grizzly-http-server-7,5,main])--SAXParserFactory instance: com.sun.org.apache.xerces.internal.jaxp.SAXParserFactoryImpl@38780d9c
2023-05-18 11:19:03.920 ERROR --- [           main] s.s.fei.uim.vsa.pr2.TeacherResourceTest  : java.lang.IllegalArgumentException: invalid start or end
javax.ws.rs.ProcessingException: java.lang.IllegalArgumentException: invalid start or end
	at org.glassfish.jersey.client.ClientRuntime.invoke(ClientRuntime.java:312)
	at org.glassfish.jersey.client.JerseyInvocation.lambda$invoke$0(JerseyInvocation.java:662)
	at org.glassfish.jersey.client.JerseyInvocation.call(JerseyInvocation.java:697)
	at org.glassfish.jersey.client.JerseyInvocation.lambda$runInScope$3(JerseyInvocation.java:691)
	at org.glassfish.jersey.internal.Errors.process(Errors.java:292)
	at org.glassfish.jersey.internal.Errors.process(Errors.java:274)
	at org.glassfish.jersey.internal.Errors.process(Errors.java:205)
	at org.glassfish.jersey.process.internal.RequestScope.runInScope(RequestScope.java:390)
	at org.glassfish.jersey.client.JerseyInvocation.runInScope(JerseyInvocation.java:691)
	at org.glassfish.jersey.client.JerseyInvocation.invoke(JerseyInvocation.java:661)
	at org.glassfish.jersey.client.JerseyInvocation$Builder.method(JerseyInvocation.java:413)
	at org.glassfish.jersey.client.JerseyInvocation$Builder.get(JerseyInvocation.java:313)
	at sk.stuba.fei.uim.vsa.pr2.TeacherResourceTest.shouldReturnUnauthorized(TeacherResourceTest.java:112)
	at sun.reflect.NativeMethodAccessorImpl.invoke0(Native Method)
	at sun.reflect.NativeMethodAccessorImpl.invoke(NativeMethodAccessorImpl.java:62)
	at sun.reflect.DelegatingMethodAccessorImpl.invoke(DelegatingMethodAccessorImpl.java:43)
	at java.lang.reflect.Method.invoke(Method.java:498)
	at org.junit.platform.commons.util.ReflectionUtils.invokeMethod(ReflectionUtils.java:725)
	at org.junit.jupiter.engine.execution.MethodInvocation.proceed(MethodInvocation.java:60)
	at org.junit.jupiter.engine.execution.InvocationInterceptorChain$ValidatingInvocation.proceed(InvocationInterceptorChain.java:131)
	at org.junit.jupiter.engine.extension.TimeoutExtension.intercept(TimeoutExtension.java:149)
	at org.junit.jupiter.engine.extension.TimeoutExtension.interceptTestableMethod(TimeoutExtension.java:140)
	at org.junit.jupiter.engine.extension.TimeoutExtension.interceptTestMethod(TimeoutExtension.java:84)
	at org.junit.jupiter.engine.execution.ExecutableInvoker$ReflectiveInterceptorCall.lambda$ofVoidMethod$0(ExecutableInvoker.java:115)
	at org.junit.jupiter.engine.execution.ExecutableInvoker.lambda$invoke$0(ExecutableInvoker.java:105)
	at org.junit.jupiter.engine.execution.InvocationInterceptorChain$InterceptedInvocation.proceed(InvocationInterceptorChain.java:106)
	at org.junit.jupiter.engine.execution.InvocationInterceptorChain.proceed(InvocationInterceptorChain.java:64)
	at org.junit.jupiter.engine.execution.InvocationInterceptorChain.chainAndInvoke(InvocationInterceptorChain.java:45)
	at org.junit.jupiter.engine.execution.InvocationInterceptorChain.invoke(InvocationInterceptorChain.java:37)
	at org.junit.jupiter.engine.execution.ExecutableInvoker.invoke(ExecutableInvoker.java:104)
	at org.junit.jupiter.engine.execution.ExecutableInvoker.invoke(ExecutableInvoker.java:98)
	at org.junit.jupiter.engine.descriptor.TestMethodTestDescriptor.lambda$invokeTestMethod$7(TestMethodTestDescriptor.java:214)
	at org.junit.platform.engine.support.hierarchical.ThrowableCollector.execute(ThrowableCollector.java:73)
	at org.junit.jupiter.engine.descriptor.TestMethodTestDescriptor.invokeTestMethod(TestMethodTestDescriptor.java:210)
	at org.junit.jupiter.engine.descriptor.TestMethodTestDescriptor.execute(TestMethodTestDescriptor.java:135)
	at org.junit.jupiter.engine.descriptor.TestMethodTestDescriptor.execute(TestMethodTestDescriptor.java:66)
	at org.junit.platform.engine.support.hierarchical.NodeTestTask.lambda$executeRecursively$6(NodeTestTask.java:151)
	at org.junit.platform.engine.support.hierarchical.ThrowableCollector.execute(ThrowableCollector.java:73)
	at org.junit.platform.engine.support.hierarchical.NodeTestTask.lambda$executeRecursively$8(NodeTestTask.java:141)
	at org.junit.platform.engine.support.hierarchical.Node.around(Node.java:137)
	at org.junit.platform.engine.support.hierarchical.NodeTestTask.lambda$executeRecursively$9(NodeTestTask.java:139)
	at org.junit.platform.engine.support.hierarchical.ThrowableCollector.execute(ThrowableCollector.java:73)
	at org.junit.platform.engine.support.hierarchical.NodeTestTask.executeRecursively(NodeTestTask.java:138)
	at org.junit.platform.engine.support.hierarchical.NodeTestTask.execute(NodeTestTask.java:95)
	at java.util.ArrayList.forEach(ArrayList.java:1259)
	at org.junit.platform.engine.support.hierarchical.SameThreadHierarchicalTestExecutorService.invokeAll(SameThreadHierarchicalTestExecutorService.java:41)
	at org.junit.platform.engine.support.hierarchical.NodeTestTask.lambda$executeRecursively$6(NodeTestTask.java:155)
	at org.junit.platform.engine.support.hierarchical.ThrowableCollector.execute(ThrowableCollector.java:73)
	at org.junit.platform.engine.support.hierarchical.NodeTestTask.lambda$executeRecursively$8(NodeTestTask.java:141)
	at org.junit.platform.engine.support.hierarchical.Node.around(Node.java:137)
	at org.junit.platform.engine.support.hierarchical.NodeTestTask.lambda$executeRecursively$9(NodeTestTask.java:139)
	at org.junit.platform.engine.support.hierarchical.ThrowableCollector.execute(ThrowableCollector.java:73)
	at org.junit.platform.engine.support.hierarchical.NodeTestTask.executeRecursively(NodeTestTask.java:138)
	at org.junit.platform.engine.support.hierarchical.NodeTestTask.execute(NodeTestTask.java:95)
	at java.util.ArrayList.forEach(ArrayList.java:1259)
	at org.junit.platform.engine.support.hierarchical.SameThreadHierarchicalTestExecutorService.invokeAll(SameThreadHierarchicalTestExecutorService.java:41)
	at org.junit.platform.engine.support.hierarchical.NodeTestTask.lambda$executeRecursively$6(NodeTestTask.java:155)
	at org.junit.platform.engine.support.hierarchical.ThrowableCollector.execute(ThrowableCollector.java:73)
	at org.junit.platform.engine.support.hierarchical.NodeTestTask.lambda$executeRecursively$8(NodeTestTask.java:141)
	at org.junit.platform.engine.support.hierarchical.Node.around(Node.java:137)
	at org.junit.platform.engine.support.hierarchical.NodeTestTask.lambda$executeRecursively$9(NodeTestTask.java:139)
	at org.junit.platform.engine.support.hierarchical.ThrowableCollector.execute(ThrowableCollector.java:73)
	at org.junit.platform.engine.support.hierarchical.NodeTestTask.executeRecursively(NodeTestTask.java:138)
	at org.junit.platform.engine.support.hierarchical.NodeTestTask.execute(NodeTestTask.java:95)
	at org.junit.platform.engine.support.hierarchical.SameThreadHierarchicalTestExecutorService.submit(SameThreadHierarchicalTestExecutorService.java:35)
	at org.junit.platform.engine.support.hierarchical.HierarchicalTestExecutor.execute(HierarchicalTestExecutor.java:57)
	at org.junit.platform.engine.support.hierarchical.HierarchicalTestEngine.execute(HierarchicalTestEngine.java:54)
	at org.junit.platform.launcher.core.DefaultLauncher.execute(DefaultLauncher.java:220)
	at org.junit.platform.launcher.core.DefaultLauncher.lambda$execute$6(DefaultLauncher.java:188)
	at org.junit.platform.launcher.core.DefaultLauncher.withInterceptedStreams(DefaultLauncher.java:202)
	at org.junit.platform.launcher.core.DefaultLauncher.execute(DefaultLauncher.java:181)
	at org.junit.platform.launcher.core.DefaultLauncher.execute(DefaultLauncher.java:128)
	at org.apache.maven.surefire.junitplatform.JUnitPlatformProvider.invokeAllTests(JUnitPlatformProvider.java:150)
	at org.apache.maven.surefire.junitplatform.JUnitPlatformProvider.invoke(JUnitPlatformProvider.java:124)
	at org.apache.maven.surefire.booter.ForkedBooter.invokeProviderInSameClassLoader(ForkedBooter.java:384)
	at org.apache.maven.surefire.booter.ForkedBooter.runSuitesInProcess(ForkedBooter.java:345)
	at org.apache.maven.surefire.booter.ForkedBooter.execute(ForkedBooter.java:126)
	at org.apache.maven.surefire.booter.ForkedBooter.main(ForkedBooter.java:418)
Caused by: java.lang.RuntimeException: java.lang.IllegalArgumentException: invalid start or end
	at sun.net.www.protocol.http.HttpURLConnection.getInputStream0(HttpURLConnection.java:1514)
	at sun.net.www.protocol.http.HttpURLConnection.getInputStream(HttpURLConnection.java:1500)
	at sun.net.www.protocol.http.HttpURLConnection.getHeaderField(HttpURLConnection.java:3099)
	at java.net.HttpURLConnection.getResponseCode(HttpURLConnection.java:489)
	at org.glassfish.jersey.client.internal.HttpUrlConnector._apply(HttpUrlConnector.java:409)
	at org.glassfish.jersey.client.internal.HttpUrlConnector.apply(HttpUrlConnector.java:273)
	at org.glassfish.jersey.client.ClientRuntime.invoke(ClientRuntime.java:300)
	... 77 common frames omitted
Caused by: java.lang.IllegalArgumentException: invalid start or end
	at sun.net.www.HeaderParser.subsequence(HeaderParser.java:75)
	at sun.net.www.protocol.http.AuthenticationHeader.parse(AuthenticationHeader.java:184)
	at sun.net.www.protocol.http.AuthenticationHeader.<init>(AuthenticationHeader.java:143)
	at sun.net.www.protocol.http.AuthenticationHeader.<init>(AuthenticationHeader.java:123)
	at sun.net.www.protocol.http.HttpURLConnection.getInputStream0(HttpURLConnection.java:1722)
	at sun.net.www.protocol.http.HttpURLConnection.getInputStream(HttpURLConnection.java:1500)
	at java.net.HttpURLConnection.getResponseCode(HttpURLConnection.java:480)
	... 80 common frames omitted
]]></system-out>
  </testcase>
  <testcase name="shouldCreateTeacher" classname="sk.stuba.fei.uim.vsa.pr2.TeacherResourceTest" time="0.595"/>
  <testcase name="shouldReturnForbiddenToDeleteTeacherWithStudent" classname="sk.stuba.fei.uim.vsa.pr2.TeacherResourceTest" time="1.548"/>
  <testcase name="shouldReturnForbiddenToDeleteWithWrongTeacher" classname="sk.stuba.fei.uim.vsa.pr2.TeacherResourceTest" time="1.562"/>
  <testcase name="shouldGetEmptyList" classname="sk.stuba.fei.uim.vsa.pr2.TeacherResourceTest" time="1.087"/>
  <testcase name="shouldCallWithoutBodyAndReturnError" classname="sk.stuba.fei.uim.vsa.pr2.TeacherResourceTest" time="0.078"/>
  <testcase name="shouldGetAllTeachers" classname="sk.stuba.fei.uim.vsa.pr2.TeacherResourceTest" time="1.581"/>
</testsuite></testsuites>