<?xml version="1.0" encoding="UTF-8"?><testsuites>
<testsuite xmlns:xsi="http://www.w3.org/2001/XMLSchema-instance" xsi:noNamespaceSchemaLocation="https://maven.apache.org/surefire/maven-surefire-plugin/xsd/surefire-test-report.xsd" name="sk.stuba.fei.uim.vsa.pr2.bonus.BonusSearchResourceTest" time="2.549" tests="3" errors="0" skipped="3" failures="0">
  <properties>
[...]
</properties>
  <testcase name="shouldFindStudents" classname="sk.stuba.fei.uim.vsa.pr2.bonus.BonusSearchResourceTest" time="0">
    <skipped message="Assumption failed: Skipping test. Bonus endpoints were not implemented" type="org.opentest4j.TestAbortedException">org.opentest4j.TestAbortedException: Assumption failed: Skipping test. Bonus endpoints were not implemented
	at sk.stuba.fei.uim.vsa.pr2.bonus.BonusSearchResourceTest.shouldFindStudents(BonusSearchResourceTest.java:176)
</skipped>
    <system-out><![CDATA[2023-05-18 11:19:19.322  INFO --- [           main] s.s.fei.uim.vsa.pr2.utils.ResourceTest   : Starting HTTP server for testing
2023-05-18 11:19:19.341  INFO --- [           main] s.s.fei.uim.vsa.pr2.Project2Application  : Starting Grizzly2 HTTP server...
2023-05-18 11:19:19.342  INFO --- [           main] s.s.f.u.v.pr2.ApplicationConfiguration   : Set base uri: http://docker-desktop:8080/api
2023-05-18 11:19:19.342  INFO --- [           main] s.s.fei.uim.vsa.pr2.Project2Application  : Server listening on http://docker-desktop:8080/api
2023-05-18 11:19:19.598  INFO --- [           main] org.reflections.Reflections              : Reflections took 64 ms to scan 2 urls, producing 16 keys and 26 values
2023-05-18 11:19:19.609  INFO --- [           main] .s.f.u.v.p.JAXRSApplicationConfiguration : Registered resource classes: [class sk.stuba.fei.uim.vsa.pr2.resources.PedagogResource, class sk.stuba.fei.uim.vsa.pr2.resources.ZaverecnaPracaResource, class sk.stuba.fei.uim.vsa.pr2.resources.StudentResource]
2023-05-18 11:19:19.610  INFO --- [           main] .s.f.u.v.p.JAXRSApplicationConfiguration : Registered feature providers: [class sk.stuba.fei.uim.vsa.pr2.exceptions.ExceptionMapper]
2023-05-18 11:19:20.125  INFO --- [           main] s.s.fei.uim.vsa.pr2.utils.ResourceTest   : Creating client for HTTP server
2023-05-18 11:19:20.138  INFO --- [           main] s.s.fei.uim.vsa.pr2.utils.ResourceTest   : Client created JerseyWebTarget { http://docker-desktop:8080/api }
[EL Fine]: server: 2023-05-18 11:19:20.4--Thread(Thread[main,5,main])--Configured server platform: org.eclipse.persistence.platform.server.NoServerPlatform
[EL Config]: metadata: 2023-05-18 11:19:20.503--ServerSession(943165647)--Thread(Thread[main,5,main])--The access type for the persistent class [class sk.stuba.fei.uim.vsa.pr1.entities.Pedagog] is set to [FIELD].
[EL Config]: metadata: 2023-05-18 11:19:20.521--ServerSession(943165647)--Thread(Thread[main,5,main])--The target entity (reference) class for the one to many mapping element [field vypisanePrace] is being defaulted to: class sk.stuba.fei.uim.vsa.pr1.entities.ZaverecnaPraca.
[EL Config]: metadata: 2023-05-18 11:19:20.522--ServerSession(943165647)--Thread(Thread[main,5,main])--The access type for the persistent class [class sk.stuba.fei.uim.vsa.pr1.entities.ZaverecnaPraca] is set to [FIELD].
[EL Config]: metadata: 2023-05-18 11:19:20.523--ServerSession(943165647)--Thread(Thread[main,5,main])--The target entity (reference) class for the many to one mapping element [field veduciPrace] is being defaulted to: class sk.stuba.fei.uim.vsa.pr1.entities.Pedagog.
[EL Config]: metadata: 2023-05-18 11:19:20.524--ServerSession(943165647)--Thread(Thread[main,5,main])--The target entity (reference) class for the one to one mapping element [field vypracovatel] is being defaulted to: class sk.stuba.fei.uim.vsa.pr1.entities.Student.
[EL Config]: metadata: 2023-05-18 11:19:20.525--ServerSession(943165647)--Thread(Thread[main,5,main])--The access type for the persistent class [class sk.stuba.fei.uim.vsa.pr1.entities.Student] is set to [FIELD].
[EL Config]: metadata: 2023-05-18 11:19:20.525--ServerSession(943165647)--Thread(Thread[main,5,main])--The target entity (reference) class for the one to one mapping element [field zaverecnaPraca] is being defaulted to: class sk.stuba.fei.uim.vsa.pr1.entities.ZaverecnaPraca.
[EL Config]: metadata: 2023-05-18 11:19:20.525--ServerSession(943165647)--Thread(Thread[main,5,main])--The alias name for the entity class [class sk.stuba.fei.uim.vsa.pr1.entities.Pedagog] is being defaulted to: Pedagog.
[EL Config]: metadata: 2023-05-18 11:19:20.537--ServerSession(943165647)--Thread(Thread[main,5,main])--The column name for element [oddelenie] is being defaulted to: ODDELENIE.
[EL Config]: metadata: 2023-05-18 11:19:20.537--ServerSession(943165647)--Thread(Thread[main,5,main])--The column name for element [password] is being defaulted to: PASSWORD.
[EL Config]: metadata: 2023-05-18 11:19:20.538--ServerSession(943165647)--Thread(Thread[main,5,main])--The column name for element [meno] is being defaulted to: MENO.
[EL Config]: metadata: 2023-05-18 11:19:20.538--ServerSession(943165647)--Thread(Thread[main,5,main])--The column name for element [institut] is being defaulted to: INSTITUT.
[EL Config]: metadata: 2023-05-18 11:19:20.538--ServerSession(943165647)--Thread(Thread[main,5,main])--The column name for element [aisId] is being defaulted to: AISID.
[EL Config]: metadata: 2023-05-18 11:19:20.538--ServerSession(943165647)--Thread(Thread[main,5,main])--The column name for element [email] is being defaulted to: EMAIL.
[EL Config]: metadata: 2023-05-18 11:19:20.538--ServerSession(943165647)--Thread(Thread[main,5,main])--The alias name for the entity class [class sk.stuba.fei.uim.vsa.pr1.entities.ZaverecnaPraca] is being defaulted to: ZaverecnaPraca.
[EL Config]: metadata: 2023-05-18 11:19:20.539--ServerSession(943165647)--Thread(Thread[main,5,main])--The column name for element [nazov] is being defaulted to: NAZOV.
[EL Config]: metadata: 2023-05-18 11:19:20.539--ServerSession(943165647)--Thread(Thread[main,5,main])--The column name for element [popis] is being defaulted to: POPIS.
[EL Config]: metadata: 2023-05-18 11:19:20.539--ServerSession(943165647)--Thread(Thread[main,5,main])--The column name for element [registracneCislo] is being defaulted to: REGISTRACNECISLO.
[EL Config]: metadata: 2023-05-18 11:19:20.54--ServerSession(943165647)--Thread(Thread[main,5,main])--The column name for element [pracovisko] is being defaulted to: PRACOVISKO.
[EL Config]: metadata: 2023-05-18 11:19:20.54--ServerSession(943165647)--Thread(Thread[main,5,main])--The column name for element [typ] is being defaulted to: TYP.
[EL Config]: metadata: 2023-05-18 11:19:20.543--ServerSession(943165647)--Thread(Thread[main,5,main])--The column name for element [id] is being defaulted to: ID.
[EL Config]: metadata: 2023-05-18 11:19:20.543--ServerSession(943165647)--Thread(Thread[main,5,main])--The column name for element [datumZverejnenia] is being defaulted to: DATUMZVEREJNENIA.
[EL Config]: metadata: 2023-05-18 11:19:20.544--ServerSession(943165647)--Thread(Thread[main,5,main])--The column name for element [deadline] is being defaulted to: DEADLINE.
[EL Config]: metadata: 2023-05-18 11:19:20.544--ServerSession(943165647)--Thread(Thread[main,5,main])--The column name for element [status] is being defaulted to: STATUS.
[EL Config]: metadata: 2023-05-18 11:19:20.544--ServerSession(943165647)--Thread(Thread[main,5,main])--The alias name for the entity class [class sk.stuba.fei.uim.vsa.pr1.entities.Student] is being defaulted to: Student.
[EL Config]: metadata: 2023-05-18 11:19:20.545--ServerSession(943165647)--Thread(Thread[main,5,main])--The column name for element [password] is being defaulted to: PASSWORD.
[EL Config]: metadata: 2023-05-18 11:19:20.545--ServerSession(943165647)--Thread(Thread[main,5,main])--The column name for element [name] is being defaulted to: NAME.
[EL Config]: metadata: 2023-05-18 11:19:20.545--ServerSession(943165647)--Thread(Thread[main,5,main])--The column name for element [rocnik] is being defaulted to: ROCNIK.
[EL Config]: metadata: 2023-05-18 11:19:20.545--ServerSession(943165647)--Thread(Thread[main,5,main])--The column name for element [semester] is being defaulted to: SEMESTER.
[EL Config]: metadata: 2023-05-18 11:19:20.545--ServerSession(943165647)--Thread(Thread[main,5,main])--The column name for element [program] is being defaulted to: PROGRAM.
[EL Config]: metadata: 2023-05-18 11:19:20.545--ServerSession(943165647)--Thread(Thread[main,5,main])--The column name for element [aisId] is being defaulted to: AISID.
[EL Config]: metadata: 2023-05-18 11:19:20.545--ServerSession(943165647)--Thread(Thread[main,5,main])--The column name for element [email] is being defaulted to: EMAIL.
[EL Config]: metadata: 2023-05-18 11:19:20.556--ServerSession(943165647)--Thread(Thread[main,5,main])--The primary key column name for the mapping element [field veduciPrace] is being defaulted to: AISID.
[EL Config]: metadata: 2023-05-18 11:19:20.556--ServerSession(943165647)--Thread(Thread[main,5,main])--The foreign key column name for the mapping element [veduciPrace] is being defaulted to: VEDUCIPRACE_AISID.
[EL Config]: metadata: 2023-05-18 11:19:20.557--ServerSession(943165647)--Thread(Thread[main,5,main])--The primary key column name for the mapping element [field vypracovatel] is being defaulted to: AISID.
[EL Config]: metadata: 2023-05-18 11:19:20.557--ServerSession(943165647)--Thread(Thread[main,5,main])--The foreign key column name for the mapping element [vypracovatel] is being defaulted to: VYPRACOVATEL_AISID.
[EL Config]: metadata: 2023-05-18 11:19:20.557--ServerSession(943165647)--Thread(Thread[main,5,main])--The primary key column name for the mapping element [field zaverecnaPraca] is being defaulted to: ID.
[EL Config]: metadata: 2023-05-18 11:19:20.558--ServerSession(943165647)--Thread(Thread[main,5,main])--The foreign key column name for the mapping element [zaverecnaPraca] is being defaulted to: ZAVERECNAPRACA_ID.
[EL Info]: 2023-05-18 11:19:20.746--ServerSession(943165647)--Thread(Thread[main,5,main])--EclipseLink, version: Eclipse Persistence Services - 2.7.10.v20211216-fe64cd39c3
[EL Fine]: connection: 2023-05-18 11:19:20.752--ServerSession(943165647)--Connection(1584688439)--Thread(Thread[main,5,main])--connecting(DatabaseLogin(
	platform=>PostgreSQLPlatform
	user name=> "vsa"
	datasource URL=> "jdbc:postgresql://localhost:5432/vsa_pr2_patrikvincur111486"
))
[EL Config]: connection: 2023-05-18 11:19:20.799--ServerSession(943165647)--Connection(1589931229)--Thread(Thread[main,5,main])--Connected: jdbc:postgresql://localhost:5432/vsa_pr2_patrikvincur111486
	User: vsa
	Database: PostgreSQL  Version: 15.2 (Debian 15.2-1.pgdg110+1)
	Driver: PostgreSQL JDBC Driver  Version: 42.5.4
[EL Fine]: connection: 2023-05-18 11:19:20.879--ServerSession(943165647)--Thread(Thread[main,5,main])--/file:/tested--b-vsa-ls23-projekt-2/target/classes/_vsa-project-2 login successful
[EL Fine]: sql: 2023-05-18 11:19:20.895--ServerSession(943165647)--Connection(1589931229)--Thread(Thread[main,5,main])--ALTER TABLE STUDENT DROP CONSTRAINT FK_STUDENT_ZAVERECNAPRACA_ID
[EL Fine]: sql: 2023-05-18 11:19:20.906--ServerSession(943165647)--Thread(Thread[main,5,main])--SELECT 1
[EL Warning]: 2023-05-18 11:19:20.915--ServerSession(943165647)--Thread(Thread[main,5,main])--Exception [EclipseLink-4002] (Eclipse Persistence Services - 2.7.10.v20211216-fe64cd39c3): org.eclipse.persistence.exceptions.DatabaseException
Internal Exception: org.postgresql.util.PSQLException: ERROR: relation "student" does not exist
Error Code: 0
Call: ALTER TABLE STUDENT DROP CONSTRAINT FK_STUDENT_ZAVERECNAPRACA_ID
Query: DataModifyQuery(sql="ALTER TABLE STUDENT DROP CONSTRAINT FK_STUDENT_ZAVERECNAPRACA_ID")
[EL Fine]: sql: 2023-05-18 11:19:20.916--ServerSession(943165647)--Connection(1589931229)--Thread(Thread[main,5,main])--ALTER TABLE ZAVERECNA_PRACA DROP CONSTRAINT FK_ZAVERECNA_PRACA_VYPRACOVATEL_AISID
[EL Fine]: sql: 2023-05-18 11:19:20.917--ServerSession(943165647)--Thread(Thread[main,5,main])--SELECT 1
[EL Warning]: 2023-05-18 11:19:20.918--ServerSession(943165647)--Thread(Thread[main,5,main])--Exception [EclipseLink-4002] (Eclipse Persistence Services - 2.7.10.v20211216-fe64cd39c3): org.eclipse.persistence.exceptions.DatabaseException
Internal Exception: org.postgresql.util.PSQLException: ERROR: relation "zaverecna_praca" does not exist
Error Code: 0
Call: ALTER TABLE ZAVERECNA_PRACA DROP CONSTRAINT FK_ZAVERECNA_PRACA_VYPRACOVATEL_AISID
Query: DataModifyQuery(sql="ALTER TABLE ZAVERECNA_PRACA DROP CONSTRAINT FK_ZAVERECNA_PRACA_VYPRACOVATEL_AISID")
[EL Fine]: sql: 2023-05-18 11:19:20.918--ServerSession(943165647)--Connection(1589931229)--Thread(Thread[main,5,main])--ALTER TABLE ZAVERECNA_PRACA DROP CONSTRAINT FK_ZAVERECNA_PRACA_VEDUCIPRACE_AISID
[EL Fine]: sql: 2023-05-18 11:19:20.918--ServerSession(943165647)--Thread(Thread[main,5,main])--SELECT 1
[EL Warning]: 2023-05-18 11:19:20.919--ServerSession(943165647)--Thread(Thread[main,5,main])--Exception [EclipseLink-4002] (Eclipse Persistence Services - 2.7.10.v20211216-fe64cd39c3): org.eclipse.persistence.exceptions.DatabaseException
Internal Exception: org.postgresql.util.PSQLException: ERROR: relation "zaverecna_praca" does not exist
Error Code: 0
Call: ALTER TABLE ZAVERECNA_PRACA DROP CONSTRAINT FK_ZAVERECNA_PRACA_VEDUCIPRACE_AISID
Query: DataModifyQuery(sql="ALTER TABLE ZAVERECNA_PRACA DROP CONSTRAINT FK_ZAVERECNA_PRACA_VEDUCIPRACE_AISID")
[EL Fine]: sql: 2023-05-18 11:19:20.919--ServerSession(943165647)--Connection(1589931229)--Thread(Thread[main,5,main])--DROP TABLE STUDENT CASCADE
[EL Fine]: sql: 2023-05-18 11:19:20.92--ServerSession(943165647)--Thread(Thread[main,5,main])--SELECT 1
[EL Warning]: 2023-05-18 11:19:20.921--ServerSession(943165647)--Thread(Thread[main,5,main])--Exception [EclipseLink-4002] (Eclipse Persistence Services - 2.7.10.v20211216-fe64cd39c3): org.eclipse.persistence.exceptions.DatabaseException
Internal Exception: org.postgresql.util.PSQLException: ERROR: table "student" does not exist
Error Code: 0
Call: DROP TABLE STUDENT CASCADE
Query: DataModifyQuery(sql="DROP TABLE STUDENT CASCADE")
[EL Fine]: sql: 2023-05-18 11:19:20.921--ServerSession(943165647)--Connection(1589931229)--Thread(Thread[main,5,main])--DROP TABLE PEDAGOG CASCADE
[EL Fine]: sql: 2023-05-18 11:19:20.922--ServerSession(943165647)--Thread(Thread[main,5,main])--SELECT 1
[EL Warning]: 2023-05-18 11:19:20.923--ServerSession(943165647)--Thread(Thread[main,5,main])--Exception [EclipseLink-4002] (Eclipse Persistence Services - 2.7.10.v20211216-fe64cd39c3): org.eclipse.persistence.exceptions.DatabaseException
Internal Exception: org.postgresql.util.PSQLException: ERROR: table "pedagog" does not exist
Error Code: 0
Call: DROP TABLE PEDAGOG CASCADE
Query: DataModifyQuery(sql="DROP TABLE PEDAGOG CASCADE")
[EL Fine]: sql: 2023-05-18 11:19:20.923--ServerSession(943165647)--Connection(1589931229)--Thread(Thread[main,5,main])--DROP TABLE ZAVERECNA_PRACA CASCADE
[EL Fine]: sql: 2023-05-18 11:19:20.923--ServerSession(943165647)--Thread(Thread[main,5,main])--SELECT 1
[EL Warning]: 2023-05-18 11:19:20.924--ServerSession(943165647)--Thread(Thread[main,5,main])--Exception [EclipseLink-4002] (Eclipse Persistence Services - 2.7.10.v20211216-fe64cd39c3): org.eclipse.persistence.exceptions.DatabaseException
Internal Exception: org.postgresql.util.PSQLException: ERROR: table "zaverecna_praca" does not exist
Error Code: 0
Call: DROP TABLE ZAVERECNA_PRACA CASCADE
Query: DataModifyQuery(sql="DROP TABLE ZAVERECNA_PRACA CASCADE")
[EL Fine]: sql: 2023-05-18 11:19:20.924--ServerSession(943165647)--Connection(1589931229)--Thread(Thread[main,5,main])--DROP TABLE STUDENT CASCADE
[EL Fine]: sql: 2023-05-18 11:19:20.925--ServerSession(943165647)--Thread(Thread[main,5,main])--SELECT 1
[EL Warning]: 2023-05-18 11:19:20.925--ServerSession(943165647)--Thread(Thread[main,5,main])--Exception [EclipseLink-4002] (Eclipse Persistence Services - 2.7.10.v20211216-fe64cd39c3): org.eclipse.persistence.exceptions.DatabaseException
Internal Exception: org.postgresql.util.PSQLException: ERROR: table "student" does not exist
Error Code: 0
Call: DROP TABLE STUDENT CASCADE
Query: DataModifyQuery(sql="DROP TABLE STUDENT CASCADE")
[EL Fine]: sql: 2023-05-18 11:19:20.926--ServerSession(943165647)--Connection(1589931229)--Thread(Thread[main,5,main])--DROP TABLE PEDAGOG CASCADE
[EL Fine]: sql: 2023-05-18 11:19:20.926--ServerSession(943165647)--Thread(Thread[main,5,main])--SELECT 1
[EL Warning]: 2023-05-18 11:19:20.927--ServerSession(943165647)--Thread(Thread[main,5,main])--Exception [EclipseLink-4002] (Eclipse Persistence Services - 2.7.10.v20211216-fe64cd39c3): org.eclipse.persistence.exceptions.DatabaseException
Internal Exception: org.postgresql.util.PSQLException: ERROR: table "pedagog" does not exist
Error Code: 0
Call: DROP TABLE PEDAGOG CASCADE
Query: DataModifyQuery(sql="DROP TABLE PEDAGOG CASCADE")
[EL Fine]: sql: 2023-05-18 11:19:20.927--ServerSession(943165647)--Connection(1589931229)--Thread(Thread[main,5,main])--DROP TABLE ZAVERECNA_PRACA CASCADE
[EL Fine]: sql: 2023-05-18 11:19:20.927--ServerSession(943165647)--Thread(Thread[main,5,main])--SELECT 1
[EL Warning]: 2023-05-18 11:19:20.928--ServerSession(943165647)--Thread(Thread[main,5,main])--Exception [EclipseLink-4002] (Eclipse Persistence Services - 2.7.10.v20211216-fe64cd39c3): org.eclipse.persistence.exceptions.DatabaseException
Internal Exception: org.postgresql.util.PSQLException: ERROR: table "zaverecna_praca" does not exist
Error Code: 0
Call: DROP TABLE ZAVERECNA_PRACA CASCADE
Query: DataModifyQuery(sql="DROP TABLE ZAVERECNA_PRACA CASCADE")
[EL Fine]: sql: 2023-05-18 11:19:20.929--ServerSession(943165647)--Connection(1589931229)--Thread(Thread[main,5,main])--DROP TABLE STUDENT CASCADE
[EL Fine]: sql: 2023-05-18 11:19:20.929--ServerSession(943165647)--Thread(Thread[main,5,main])--SELECT 1
[EL Warning]: 2023-05-18 11:19:20.93--ServerSession(943165647)--Thread(Thread[main,5,main])--Exception [EclipseLink-4002] (Eclipse Persistence Services - 2.7.10.v20211216-fe64cd39c3): org.eclipse.persistence.exceptions.DatabaseException
Internal Exception: org.postgresql.util.PSQLException: ERROR: table "student" does not exist
Error Code: 0
Call: DROP TABLE STUDENT CASCADE
Query: DataModifyQuery(sql="DROP TABLE STUDENT CASCADE")
[EL Fine]: sql: 2023-05-18 11:19:20.93--ServerSession(943165647)--Connection(1589931229)--Thread(Thread[main,5,main])--DROP TABLE PEDAGOG CASCADE
[EL Fine]: sql: 2023-05-18 11:19:20.93--ServerSession(943165647)--Thread(Thread[main,5,main])--SELECT 1
[EL Warning]: 2023-05-18 11:19:20.931--ServerSession(943165647)--Thread(Thread[main,5,main])--Exception [EclipseLink-4002] (Eclipse Persistence Services - 2.7.10.v20211216-fe64cd39c3): org.eclipse.persistence.exceptions.DatabaseException
Internal Exception: org.postgresql.util.PSQLException: ERROR: table "pedagog" does not exist
Error Code: 0
Call: DROP TABLE PEDAGOG CASCADE
Query: DataModifyQuery(sql="DROP TABLE PEDAGOG CASCADE")
[EL Fine]: sql: 2023-05-18 11:19:20.931--ServerSession(943165647)--Connection(1589931229)--Thread(Thread[main,5,main])--DROP TABLE ZAVERECNA_PRACA CASCADE
[EL Fine]: sql: 2023-05-18 11:19:20.931--ServerSession(943165647)--Thread(Thread[main,5,main])--SELECT 1
[EL Warning]: 2023-05-18 11:19:20.931--ServerSession(943165647)--Thread(Thread[main,5,main])--Exception [EclipseLink-4002] (Eclipse Persistence Services - 2.7.10.v20211216-fe64cd39c3): org.eclipse.persistence.exceptions.DatabaseException
Internal Exception: org.postgresql.util.PSQLException: ERROR: table "zaverecna_praca" does not exist
Error Code: 0
Call: DROP TABLE ZAVERECNA_PRACA CASCADE
Query: DataModifyQuery(sql="DROP TABLE ZAVERECNA_PRACA CASCADE")
[EL Fine]: sql: 2023-05-18 11:19:20.932--ServerSession(943165647)--Connection(1589931229)--Thread(Thread[main,5,main])--DROP TABLE STUDENT CASCADE
[EL Fine]: sql: 2023-05-18 11:19:20.932--ServerSession(943165647)--Thread(Thread[main,5,main])--SELECT 1
[EL Warning]: 2023-05-18 11:19:20.932--ServerSession(943165647)--Thread(Thread[main,5,main])--Exception [EclipseLink-4002] (Eclipse Persistence Services - 2.7.10.v20211216-fe64cd39c3): org.eclipse.persistence.exceptions.DatabaseException
Internal Exception: org.postgresql.util.PSQLException: ERROR: table "student" does not exist
Error Code: 0
Call: DROP TABLE STUDENT CASCADE
Query: DataModifyQuery(sql="DROP TABLE STUDENT CASCADE")
[EL Fine]: sql: 2023-05-18 11:19:20.933--ServerSession(943165647)--Connection(1589931229)--Thread(Thread[main,5,main])--DROP TABLE PEDAGOG CASCADE
[EL Fine]: sql: 2023-05-18 11:19:20.933--ServerSession(943165647)--Thread(Thread[main,5,main])--SELECT 1
[EL Warning]: 2023-05-18 11:19:20.934--ServerSession(943165647)--Thread(Thread[main,5,main])--Exception [EclipseLink-4002] (Eclipse Persistence Services - 2.7.10.v20211216-fe64cd39c3): org.eclipse.persistence.exceptions.DatabaseException
Internal Exception: org.postgresql.util.PSQLException: ERROR: table "pedagog" does not exist
Error Code: 0
Call: DROP TABLE PEDAGOG CASCADE
Query: DataModifyQuery(sql="DROP TABLE PEDAGOG CASCADE")
[EL Fine]: sql: 2023-05-18 11:19:20.934--ServerSession(943165647)--Connection(1589931229)--Thread(Thread[main,5,main])--DROP TABLE ZAVERECNA_PRACA CASCADE
[EL Fine]: sql: 2023-05-18 11:19:20.935--ServerSession(943165647)--Thread(Thread[main,5,main])--SELECT 1
[EL Warning]: 2023-05-18 11:19:20.935--ServerSession(943165647)--Thread(Thread[main,5,main])--Exception [EclipseLink-4002] (Eclipse Persistence Services - 2.7.10.v20211216-fe64cd39c3): org.eclipse.persistence.exceptions.DatabaseException
Internal Exception: org.postgresql.util.PSQLException: ERROR: table "zaverecna_praca" does not exist
Error Code: 0
Call: DROP TABLE ZAVERECNA_PRACA CASCADE
Query: DataModifyQuery(sql="DROP TABLE ZAVERECNA_PRACA CASCADE")
[EL Fine]: sql: 2023-05-18 11:19:20.936--ServerSession(943165647)--Connection(1589931229)--Thread(Thread[main,5,main])--DROP TABLE STUDENT CASCADE
[EL Fine]: sql: 2023-05-18 11:19:20.937--ServerSession(943165647)--Thread(Thread[main,5,main])--SELECT 1
[EL Warning]: 2023-05-18 11:19:20.938--ServerSession(943165647)--Thread(Thread[main,5,main])--Exception [EclipseLink-4002] (Eclipse Persistence Services - 2.7.10.v20211216-fe64cd39c3): org.eclipse.persistence.exceptions.DatabaseException
Internal Exception: org.postgresql.util.PSQLException: ERROR: table "student" does not exist
Error Code: 0
Call: DROP TABLE STUDENT CASCADE
Query: DataModifyQuery(sql="DROP TABLE STUDENT CASCADE")
[EL Fine]: sql: 2023-05-18 11:19:20.938--ServerSession(943165647)--Connection(1589931229)--Thread(Thread[main,5,main])--DROP TABLE PEDAGOG CASCADE
[EL Fine]: sql: 2023-05-18 11:19:20.939--ServerSession(943165647)--Thread(Thread[main,5,main])--SELECT 1
[EL Warning]: 2023-05-18 11:19:20.939--ServerSession(943165647)--Thread(Thread[main,5,main])--Exception [EclipseLink-4002] (Eclipse Persistence Services - 2.7.10.v20211216-fe64cd39c3): org.eclipse.persistence.exceptions.DatabaseException
Internal Exception: org.postgresql.util.PSQLException: ERROR: table "pedagog" does not exist
Error Code: 0
Call: DROP TABLE PEDAGOG CASCADE
Query: DataModifyQuery(sql="DROP TABLE PEDAGOG CASCADE")
[EL Fine]: sql: 2023-05-18 11:19:20.939--ServerSession(943165647)--Connection(1589931229)--Thread(Thread[main,5,main])--DROP TABLE ZAVERECNA_PRACA CASCADE
[EL Fine]: sql: 2023-05-18 11:19:20.94--ServerSession(943165647)--Thread(Thread[main,5,main])--SELECT 1
[EL Warning]: 2023-05-18 11:19:20.94--ServerSession(943165647)--Thread(Thread[main,5,main])--Exception [EclipseLink-4002] (Eclipse Persistence Services - 2.7.10.v20211216-fe64cd39c3): org.eclipse.persistence.exceptions.DatabaseException
Internal Exception: org.postgresql.util.PSQLException: ERROR: table "zaverecna_praca" does not exist
Error Code: 0
Call: DROP TABLE ZAVERECNA_PRACA CASCADE
Query: DataModifyQuery(sql="DROP TABLE ZAVERECNA_PRACA CASCADE")
[EL Fine]: sql: 2023-05-18 11:19:20.944--ServerSession(943165647)--Connection(1589931229)--Thread(Thread[main,5,main])--DELETE FROM SEQUENCE WHERE SEQ_NAME = 'SEQ_GEN'
[EL Fine]: sql: 2023-05-18 11:19:20.944--ServerSession(943165647)--Thread(Thread[main,5,main])--SELECT 1
[EL Warning]: 2023-05-18 11:19:20.945--ServerSession(943165647)--Thread(Thread[main,5,main])--Exception [EclipseLink-4002] (Eclipse Persistence Services - 2.7.10.v20211216-fe64cd39c3): org.eclipse.persistence.exceptions.DatabaseException
Internal Exception: org.postgresql.util.PSQLException: ERROR: relation "sequence" does not exist
  Position: 13
Error Code: 0
Call: DELETE FROM SEQUENCE WHERE SEQ_NAME = 'SEQ_GEN'
Query: DataModifyQuery(sql="DELETE FROM SEQUENCE WHERE SEQ_NAME = 'SEQ_GEN'")
[EL Fine]: sql: 2023-05-18 11:19:20.947--ServerSession(943165647)--Connection(1589931229)--Thread(Thread[main,5,main])--CREATE TABLE STUDENT (AISID BIGINT NOT NULL, EMAIL VARCHAR(255) NOT NULL UNIQUE, NAME VARCHAR(255), PASSWORD VARCHAR(255), PROGRAM VARCHAR(255), ROCNIK INTEGER, SEMESTER INTEGER, ZAVERECNAPRACA_ID BIGINT, PRIMARY KEY (AISID))
[EL Fine]: sql: 2023-05-18 11:19:20.971--ServerSession(943165647)--Connection(1589931229)--Thread(Thread[main,5,main])--CREATE TABLE PEDAGOG (AISID BIGINT NOT NULL, EMAIL VARCHAR(255) NOT NULL UNIQUE, INSTITUT VARCHAR(255), MENO VARCHAR(255), ODDELENIE VARCHAR(255), PASSWORD VARCHAR(255), PRIMARY KEY (AISID))
[EL Fine]: sql: 2023-05-18 11:19:20.99--ServerSession(943165647)--Connection(1589931229)--Thread(Thread[main,5,main])--CREATE TABLE ZAVERECNA_PRACA (ID BIGINT NOT NULL, DATUMZVEREJNENIA TIMESTAMP, DEADLINE TIMESTAMP, NAZOV VARCHAR(255), POPIS VARCHAR(255), PRACOVISKO VARCHAR(255), REGISTRACNECISLO VARCHAR(255), STATUS VARCHAR(255), TYP VARCHAR(255), VEDUCIPRACE_AISID BIGINT, VYPRACOVATEL_AISID BIGINT, PRIMARY KEY (ID))
[EL Fine]: sql: 2023-05-18 11:19:21.003--ServerSession(943165647)--Connection(1589931229)--Thread(Thread[main,5,main])--ALTER TABLE STUDENT ADD CONSTRAINT FK_STUDENT_ZAVERECNAPRACA_ID FOREIGN KEY (ZAVERECNAPRACA_ID) REFERENCES ZAVERECNA_PRACA (ID)
[EL Fine]: sql: 2023-05-18 11:19:21.007--ServerSession(943165647)--Connection(1589931229)--Thread(Thread[main,5,main])--ALTER TABLE ZAVERECNA_PRACA ADD CONSTRAINT FK_ZAVERECNA_PRACA_VYPRACOVATEL_AISID FOREIGN KEY (VYPRACOVATEL_AISID) REFERENCES STUDENT (AISID)
[EL Fine]: sql: 2023-05-18 11:19:21.01--ServerSession(943165647)--Connection(1589931229)--Thread(Thread[main,5,main])--ALTER TABLE ZAVERECNA_PRACA ADD CONSTRAINT FK_ZAVERECNA_PRACA_VEDUCIPRACE_AISID FOREIGN KEY (VEDUCIPRACE_AISID) REFERENCES PEDAGOG (AISID)
[EL Fine]: sql: 2023-05-18 11:19:21.015--ServerSession(943165647)--Connection(1589931229)--Thread(Thread[main,5,main])--CREATE TABLE SEQUENCE (SEQ_NAME VARCHAR(50) NOT NULL, SEQ_COUNT DECIMAL(38), PRIMARY KEY (SEQ_NAME))
[EL Fine]: sql: 2023-05-18 11:19:21.022--ServerSession(943165647)--Connection(1589931229)--Thread(Thread[main,5,main])--SELECT * FROM SEQUENCE WHERE SEQ_NAME = 'SEQ_GEN'
[EL Fine]: sql: 2023-05-18 11:19:21.025--ServerSession(943165647)--Connection(1589931229)--Thread(Thread[main,5,main])--INSERT INTO SEQUENCE(SEQ_NAME, SEQ_COUNT) values ('SEQ_GEN', 0)
]]></system-out>
    <system-err><![CDATA[May 18, 2023 11:19:20 AM org.glassfish.grizzly.http.server.NetworkListener start
INFO: Started listener bound to [docker-desktop:8080]
May 18, 2023 11:19:20 AM org.glassfish.grizzly.http.server.HttpServer start
INFO: [HttpServer] Started.
]]></system-err>
  </testcase>
  <testcase name="shouldFindTeachers" classname="sk.stuba.fei.uim.vsa.pr2.bonus.BonusSearchResourceTest" time="0">
    <skipped message="Assumption failed: Skipping test. Bonus endpoints were not implemented" type="org.opentest4j.TestAbortedException">org.opentest4j.TestAbortedException: Assumption failed: Skipping test. Bonus endpoints were not implemented
	at sk.stuba.fei.uim.vsa.pr2.bonus.BonusSearchResourceTest.shouldFindTeachers(BonusSearchResourceTest.java:114)
</skipped>
  </testcase>
  <testcase name="shouldFindThesesWithPageOf5" classname="sk.stuba.fei.uim.vsa.pr2.bonus.BonusSearchResourceTest" time="0">
    <skipped message="Assumption failed: Skipping test. Bonus endpoints were not implemented" type="org.opentest4j.TestAbortedException">org.opentest4j.TestAbortedException: Assumption failed: Skipping test. Bonus endpoints were not implemented
	at sk.stuba.fei.uim.vsa.pr2.bonus.BonusSearchResourceTest.shouldFindThesesWithPageOf5(BonusSearchResourceTest.java:50)
</skipped>
  </testcase>
</testsuite></testsuites>